This is pdfTeX, Version 3.141592653-2.6-1.40.24 (MiKTeX 22.10) (preloaded format=pdflatex 2022.11.8)  1 DEC 2022 10:54
entering extended mode
 restricted \write18 enabled.
 %&-line parsing enabled.
**refman.tex DocumentacionProyecto.pdf
(refman.tex
LaTeX2e <2022-06-01> patch level 5
L3 programming layer <2022-09-28>
(C:\Users\roberto\AppData\Local\Programs\MiKTeX\tex/latex/base\book.cls
Document Class: book 2021/10/04 v1.4n Standard LaTeX document class
(C:\Users\roberto\AppData\Local\Programs\MiKTeX\tex/latex/base\bk10.clo
File: bk10.clo 2021/10/04 v1.4n Standard LaTeX file (size option)
)
\c@part=\count185
\c@chapter=\count186
\c@section=\count187
\c@subsection=\count188
\c@subsubsection=\count189
\c@paragraph=\count190
\c@subparagraph=\count191
\c@figure=\count192
\c@table=\count193
\abovecaptionskip=\skip47
\belowcaptionskip=\skip48
\bibindent=\dimen138
)
(C:\Users\roberto\AppData\Local\Programs\MiKTeX\tex/latex/base\ifthen.sty
Package: ifthen 2022/04/13 v1.1d Standard LaTeX ifthen package (DPC)
)
(C:\Users\roberto\AppData\Local\Programs\MiKTeX\tex/latex/tools\array.sty
Rollback for package 'array' requested -> date 2016-10-06.
         Best approximation is the release introduced on 2016-10-06.

(C:\Users\roberto\AppData\Local\Programs\MiKTeX\tex/latex/tools\array-2016-10-0
6.sty
Package: array 2016/10/06 v2.4d Tabular extension package (FMi)
\col@sep=\dimen139
\extrarowheight=\dimen140
\NC@list=\toks16
\extratabsurround=\skip49
\backup@length=\skip50
))
(C:\Users\roberto\AppData\Local\Programs\MiKTeX\tex/latex/base\fixltx2e.sty
Package: fixltx2e 2016/12/29 v2.1a fixes to LaTeX (obsolete)
Applying: [2015/01/01] Old fixltx2e package on input line 46.


Package fixltx2e Warning: fixltx2e is not required with releases after 2015
(fixltx2e)                All fixes are now in the LaTeX kernel.
(fixltx2e)                See the latexrelease package for details.

Already applied: [0000/00/00] Old fixltx2e package on input line 53.
) (doxygen.sty
Package: doxygen 

(C:\Users\roberto\AppData\Local\Programs\MiKTeX\tex/latex/base\alltt.sty
Package: alltt 2021/01/29 v2.0g defines alltt environment
)
(C:\Users\roberto\AppData\Local\Programs\MiKTeX\tex/latex/tools\calc.sty
Package: calc 2017/05/25 v4.3 Infix arithmetic (KKT,FJ)
\calc@Acount=\count194
\calc@Bcount=\count195
\calc@Adimen=\dimen141
\calc@Bdimen=\dimen142
\calc@Askip=\skip51
\calc@Bskip=\skip52
LaTeX Info: Redefining \setlength on input line 80.
LaTeX Info: Redefining \addtolength on input line 81.
\calc@Ccount=\count196
\calc@Cskip=\skip53
)
(C:\Users\roberto\AppData\Local\Programs\MiKTeX\tex/latex/float\float.sty
Package: float 2001/11/08 v1.3d Float enhancements (AL)
\c@float@type=\count197
\float@exts=\toks17
\float@box=\box51
\@float@everytoks=\toks18
\@floatcapt=\box52
)
(C:\Users\roberto\AppData\Local\Programs\MiKTeX\tex/latex/tools\verbatim.sty
Package: verbatim 2020-07-07 v1.5u LaTeX2e package for verbatim enhancements
\every@verbatim=\toks19
\verbatim@line=\toks20
\verbatim@in@stream=\read2
)
(C:\Users\roberto\AppData\Local\Programs\MiKTeX\tex/latex/xcolor\xcolor.sty
Package: xcolor 2022/06/12 v2.14 LaTeX color extensions (UK)

(C:\Users\roberto\AppData\Local\Programs\MiKTeX\tex/latex/graphics-cfg\color.cf
g
File: color.cfg 2016/01/02 v1.6 sample color configuration
)
Package xcolor Info: Driver file: pdftex.def on input line 227.

(C:\Users\roberto\AppData\Local\Programs\MiKTeX\tex/latex/graphics-def\pdftex.d
ef
File: pdftex.def 2022/09/22 v1.2b Graphics/color driver for pdftex
\stockwidth=\dimen143
\stockheight=\dimen144
)
(C:\Users\roberto\AppData\Local\Programs\MiKTeX\tex/latex/colortbl\colortbl.sty
Package: colortbl 2022/06/20 v1.0f Color table columns (DPC)
\everycr=\toks21
\minrowclearance=\skip54
\rownum=\count198
)
(C:\Users\roberto\AppData\Local\Programs\MiKTeX\tex/latex/graphics\mathcolor.lt
x)
Package xcolor Info: Model `cmy' substituted by `cmy0' on input line 1353.
Package xcolor Info: Model `hsb' substituted by `rgb' on input line 1357.
Package xcolor Info: Model `RGB' extended on input line 1369.
Package xcolor Info: Model `HTML' substituted by `rgb' on input line 1371.
Package xcolor Info: Model `Hsb' substituted by `hsb' on input line 1372.
Package xcolor Info: Model `tHsb' substituted by `hsb' on input line 1373.
Package xcolor Info: Model `HSB' substituted by `hsb' on input line 1374.
Package xcolor Info: Model `Gray' substituted by `gray' on input line 1375.
Package xcolor Info: Model `wave' substituted by `hsb' on input line 1376.
) (longtable_doxygen.sty
Package: longtable_doxygen 2014/10/28 v4.11 Multi-page Table package (DPC) - fr
ozen version for doxygen
\LTleft=\skip55
\LTright=\skip56
\LTpre=\skip57
\LTpost=\skip58
\LTchunksize=\count199
\LTcapwidth=\dimen145
\LT@head=\box53
\LT@firsthead=\box54
\LT@foot=\box55
\LT@lastfoot=\box56
\LT@cols=\count266
\LT@rows=\count267
\c@LT@tables=\count268
\c@LT@chunks=\count269
\LT@p@ftn=\toks22
) (tabu_doxygen.sty
Package: tabu_doxygen 2011/02/26 v2.8 - flexible LaTeX tabulars (FC), frozen ve
rsion for doxygen

(C:\Users\roberto\AppData\Local\Programs\MiKTeX\tex/latex/varwidth\varwidth.sty
Package: varwidth 2009/03/30 ver 0.92;  Variable-width minipages
\@vwid@box=\box57
\sift@deathcycles=\count270
\@vwid@loff=\dimen146
\@vwid@roff=\dimen147
)
\c@taburow=\count271
\tabu@nbcols=\count272
\tabu@cnt=\count273
\tabu@Xcol=\count274
\tabu@alloc=\count275
\tabu@nested=\count276
\tabu@target=\dimen148
\tabu@spreadtarget=\dimen149
\tabu@naturalX=\dimen150
\tabucolX=\dimen151
\tabu@Xsum=\dimen152
\extrarowdepth=\dimen153
\abovetabulinesep=\dimen154
\belowtabulinesep=\dimen155
\tabustrutrule=\dimen156
\tabu@thebody=\toks23
\tabu@footnotes=\toks24
\tabu@box=\box58
\tabu@arstrutbox=\box59
\tabu@hleads=\box60
\tabu@vleads=\box61
\tabu@cellskip=\skip59
)
(C:\Users\roberto\AppData\Local\Programs\MiKTeX\tex/latex/fancyvrb\fancyvrb.sty
Package: fancyvrb 2022/06/06 4.5 verbatim text (tvz,hv)
(C:\Users\roberto\AppData\Local\Programs\MiKTeX\tex/latex/graphics\keyval.sty
Package: keyval 2022/05/29 v1.15 key=value parser (DPC)
\KV@toks@=\toks25
)
\FV@CodeLineNo=\count277
\FV@InFile=\read3
\FV@TabBox=\box62
\c@FancyVerbLine=\count278
\FV@StepNumber=\count279
\FV@OutFile=\write3
) (C:\Users\roberto\AppData\Local\Programs\MiKTeX\tex/latex/tools\tabularx.sty
Package: tabularx 2020/01/15 v2.11c `tabularx' package (DPC)
\TX@col@width=\dimen157
\TX@old@table=\dimen158
\TX@old@col=\dimen159
\TX@target=\dimen160
\TX@delta=\dimen161
\TX@cols=\count280
\TX@ftn=\toks26
)
(C:\Users\roberto\AppData\Local\Programs\MiKTeX\tex/latex/tools\multicol.sty
Package: multicol 2021/11/30 v1.9d multicolumn formatting (FMi)
\c@tracingmulticols=\count281
\mult@box=\box63
\multicol@leftmargin=\dimen162
\c@unbalance=\count282
\c@collectmore=\count283
\doublecol@number=\count284
\multicoltolerance=\count285
\multicolpretolerance=\count286
\full@width=\dimen163
\page@free=\dimen164
\premulticols=\dimen165
\postmulticols=\dimen166
\multicolsep=\skip60
\multicolbaselineskip=\skip61
\partial@page=\box64
\last@line=\box65
\maxbalancingoverflow=\dimen167
\mult@rightbox=\box66
\mult@grightbox=\box67
\mult@firstbox=\box68
\mult@gfirstbox=\box69
\@tempa=\box70
\@tempa=\box71
\@tempa=\box72
\@tempa=\box73
\@tempa=\box74
\@tempa=\box75
\@tempa=\box76
\@tempa=\box77
\@tempa=\box78
\@tempa=\box79
\@tempa=\box80
\@tempa=\box81
\@tempa=\box82
\@tempa=\box83
\@tempa=\box84
\@tempa=\box85
\@tempa=\box86
\@tempa=\box87
\@tempa=\box88
\@tempa=\box89
\@tempa=\box90
\@tempa=\box91
\@tempa=\box92
\@tempa=\box93
\@tempa=\box94
\@tempa=\box95
\@tempa=\box96
\@tempa=\box97
\@tempa=\box98
\@tempa=\box99
\@tempa=\box100
\@tempa=\box101
\@tempa=\box102
\@tempa=\box103
\@tempa=\box104
\@tempa=\box105
\c@minrows=\count287
\c@columnbadness=\count288
\c@finalcolumnbadness=\count289
\last@try=\dimen168
\multicolovershoot=\dimen169
\multicolundershoot=\dimen170
\mult@nat@firstbox=\box106
\colbreak@box=\box107
\mc@col@check@num=\count290
)
(C:\Users\roberto\AppData\Local\Programs\MiKTeX\tex/latex/multirow\multirow.sty
Package: multirow 2021/03/15 v2.8 Span multiple rows of a table
\multirow@colwidth=\skip62
\multirow@cntb=\count291
\multirow@dima=\skip63
\bigstrutjot=\dimen171
) (C:\Users\roberto\AppData\Local\Programs\MiKTeX\tex/latex/hanging\hanging.sty
Package: hanging 2009/09/02 v1.2b hanging paragraphs and punctuation
\h@ngcommawd=\skip64
\h@ngfstopwd=\skip65
\h@ngquotewd=\skip66
\h@ngdquotewd=\skip67
\h@ngquerywd=\skip68
\h@ngexclwd=\skip69
\h@ngcolonwd=\skip70
\h@ngscolonwd=\skip71
) (C:\Users\roberto\AppData\Local\Programs\MiKTeX\tex/generic/iftex\ifpdf.sty
Package: ifpdf 2019/10/25 v3.4 ifpdf legacy package. Use iftex instead.

(C:\Users\roberto\AppData\Local\Programs\MiKTeX\tex/generic/iftex\iftex.sty
Package: iftex 2022/02/03 v1.0f TeX engine tests
))
(C:\Users\roberto\AppData\Local\Programs\MiKTeX\tex/latex/adjustbox\adjustbox.s
ty
Package: adjustbox 2022/10/17 v1.3a Adjusting TeX boxes (trim, clip, ...)

(C:\Users\roberto\AppData\Local\Programs\MiKTeX\tex/latex/xkeyval\xkeyval.sty
Package: xkeyval 2022/06/16 v2.9 package option processing (HA)

(C:\Users\roberto\AppData\Local\Programs\MiKTeX\tex/generic/xkeyval\xkeyval.tex

(C:\Users\roberto\AppData\Local\Programs\MiKTeX\tex/generic/xkeyval\xkvutils.te
x
\XKV@toks=\toks27
\XKV@tempa@toks=\toks28
)
\XKV@depth=\count292
File: xkeyval.tex 2014/12/03 v2.7a key=value parser (HA)
))
(C:\Users\roberto\AppData\Local\Programs\MiKTeX\tex/latex/adjustbox\adjcalc.sty
Package: adjcalc 2012/05/16 v1.1 Provides advanced setlength with multiple back
-ends (calc, etex, pgfmath)
)
(C:\Users\roberto\AppData\Local\Programs\MiKTeX\tex/latex/adjustbox\trimclip.st
y
Package: trimclip 2020/08/19 v1.2 Trim and clip general TeX material

(C:\Users\roberto\AppData\Local\Programs\MiKTeX\tex/latex/graphics\graphicx.sty
Package: graphicx 2021/09/16 v1.2d Enhanced LaTeX Graphics (DPC,SPQR)

(C:\Users\roberto\AppData\Local\Programs\MiKTeX\tex/latex/graphics\graphics.sty
Package: graphics 2022/03/10 v1.4e Standard LaTeX Graphics (DPC,SPQR)
(C:\Users\roberto\AppData\Local\Programs\MiKTeX\tex/latex/graphics\trig.sty
Package: trig 2021/08/11 v1.11 sin cos tan (DPC)
)
(C:\Users\roberto\AppData\Local\Programs\MiKTeX\tex/latex/graphics-cfg\graphics
.cfg
File: graphics.cfg 2016/06/04 v1.11 sample graphics configuration
)
Package graphics Info: Driver file: pdftex.def on input line 107.
)
\Gin@req@height=\dimen172
\Gin@req@width=\dimen173
)
(C:\Users\roberto\AppData\Local\Programs\MiKTeX\tex/latex/collectbox\collectbox
.sty
Package: collectbox 2022/10/17 v0.4c Collect macro arguments as boxes
\collectedbox=\box108
)
\tc@llx=\dimen174
\tc@lly=\dimen175
\tc@urx=\dimen176
\tc@ury=\dimen177
Package trimclip Info: Using driver 'tc-pdftex.def'.

(C:\Users\roberto\AppData\Local\Programs\MiKTeX\tex/latex/adjustbox\tc-pdftex.d
ef
File: tc-pdftex.def 2019/01/04 v2.2 Clipping driver for pdftex
))
\adjbox@Width=\dimen178
\adjbox@Height=\dimen179
\adjbox@Depth=\dimen180
\adjbox@Totalheight=\dimen181
\adjbox@pwidth=\dimen182
\adjbox@pheight=\dimen183
\adjbox@pdepth=\dimen184
\adjbox@ptotalheight=\dimen185

(C:\Users\roberto\AppData\Local\Programs\MiKTeX\tex/latex/ifoddpage\ifoddpage.s
ty
Package: ifoddpage 2022/10/18 v1.2 Conditionals for odd/even page detection
\c@checkoddpage=\count293
))
(C:\Users\roberto\AppData\Local\Programs\MiKTeX\tex/latex/amsfonts\amssymb.sty
Package: amssymb 2013/01/14 v3.01 AMS font symbols

(C:\Users\roberto\AppData\Local\Programs\MiKTeX\tex/latex/amsfonts\amsfonts.sty
Package: amsfonts 2013/01/14 v3.01 Basic AMSFonts support
\@emptytoks=\toks29
\symAMSa=\mathgroup4
\symAMSb=\mathgroup5
LaTeX Font Info:    Redeclaring math symbol \hbar on input line 98.
LaTeX Font Info:    Overwriting math alphabet `\mathfrak' in version `bold'
(Font)                  U/euf/m/n --> U/euf/b/n on input line 106.
))
(C:\Users\roberto\AppData\Local\Programs\MiKTeX\tex/latex/stackengine\stackengi
ne.sty
Package: stackengine 2021/07/22 v4.11\ Stacking text and objects in convenient 
ways

(C:\Users\roberto\AppData\Local\Programs\MiKTeX\tex/latex/etoolbox\etoolbox.sty
Package: etoolbox 2020/10/05 v2.5k e-TeX tools for LaTeX (JAW)
\etb@tempcnta=\count294
)
(C:\Users\roberto\AppData\Local\Programs\MiKTeX\tex/latex/listofitems\listofite
ms.sty
(C:\Users\roberto\AppData\Local\Programs\MiKTeX\tex/generic/listofitems\listofi
tems.tex
\loi_cnt_foreach_nest=\count295
\loi_nestcnt=\count296
)
Package: listofitems 2019/08/21 v1.63 Grab items in lists using user-specified 
sep char (CT)
)
\c@@stackindex=\count297
\@boxshift=\skip72
\stack@tmplength=\skip73
\temp@stkl=\skip74
\@stackedboxwidth=\skip75
\@addedbox=\box109
\@anchorbox=\box110
\@insetbox=\box111
\se@backgroundbox=\box112
\stackedbox=\box113
\@centerbox=\box114
\c@ROWcellindex@=\count298
)
(C:\Users\roberto\AppData\Local\Programs\MiKTeX\tex/latex/enumitem\enumitem.sty
Package: enumitem 2019/06/20 v3.9 Customized lists
\labelindent=\skip76
\enit@outerparindent=\dimen186
\enit@toks=\toks30
\enit@inbox=\box115
\enit@count@id=\count299
\enitdp@description=\count300
)
(C:\Users\roberto\AppData\Local\Programs\MiKTeX\tex/generic/alphalph\alphalph.s
ty
Package: alphalph 2019/12/09 v2.6 Convert numbers to letters (HO)

(C:\Users\roberto\AppData\Local\Programs\MiKTeX\tex/generic/infwarerr\infwarerr
.sty
Package: infwarerr 2019/12/03 v1.5 Providing info/warning/error messages (HO)
)
(C:\Users\roberto\AppData\Local\Programs\MiKTeX\tex/generic/intcalc\intcalc.sty
Package: intcalc 2019/12/15 v1.3 Expandable calculations with integers (HO)
)) (C:\Users\roberto\AppData\Local\Programs\MiKTeX\tex/latex/ulem\ulem.sty
\UL@box=\box116
\UL@hyphenbox=\box117
\UL@skip=\skip77
\UL@hook=\toks31
\UL@height=\dimen187
\UL@pe=\count301
\UL@pixel=\dimen188
\ULC@box=\box118
Package: ulem 2019/11/18
\ULdepth=\dimen189
)
\xrefbox=\box119
\xreflength=\skip78
\CodeWidthChar=\skip79
\CodeHeightChar=\skip80
\DoxyCodeWidth=\skip81
\c@DoxyEnumeratei=\count302
\c@DoxyEnumerateii=\count303
\c@DoxyEnumerateiii=\count304
\c@DoxyEnumerateiv=\count305
\c@DoxyEnumeratev=\count306
\c@DoxyEnumeratevi=\count307
\c@DoxyEnumeratevii=\count308
\c@DoxyEnumerateviii=\count309
\c@DoxyEnumerateix=\count310
\c@DoxyEnumeratex=\count311
\c@DoxyEnumeratexi=\count312
\c@DoxyEnumeratexii=\count313
\enitdp@DoxyEnumerate=\count314
\enitdp@DoxyItemize=\count315
)
(C:\Users\roberto\AppData\Local\Programs\MiKTeX\tex/latex/base\inputenc.sty
Package: inputenc 2021/02/14 v1.3d Input encoding file
\inpenc@prehook=\toks32
\inpenc@posthook=\toks33
)
(C:\Users\roberto\AppData\Local\Programs\MiKTeX\tex/latex/base\makeidx.sty
Package: makeidx 2021/10/04 v1.0m Standard LaTeX package
)
(C:\Users\roberto\AppData\Local\Programs\MiKTeX\tex/latex/base\textcomp.sty
Package: textcomp 2020/02/02 v2.0n Standard LaTeX package
)
(C:\Users\roberto\AppData\Local\Programs\MiKTeX\tex/latex/wasysym\wasysym.sty
Package: wasysym 2020/01/19 v2.4 Wasy-2 symbol support package
\symwasy=\mathgroup6
LaTeX Font Info:    Overwriting symbol font `wasy' in version `bold'
(Font)                  U/wasy/m/n --> U/wasy/b/n on input line 93.
)
(C:\Users\roberto\AppData\Local\Programs\MiKTeX\tex/generic/iftex\ifxetex.sty
Package: ifxetex 2019/10/25 v0.7 ifxetex legacy package. Use iftex instead.
)
(C:\Users\roberto\AppData\Local\Programs\MiKTeX\tex/latex/base\fontenc.sty
Package: fontenc 2021/04/29 v2.0v Standard LaTeX package
)
(C:\Users\roberto\AppData\Local\Programs\MiKTeX\tex/latex/psnfss\helvet.sty
Package: helvet 2020/03/25 PSNFSS-v9.3 (WaS) 
)
(C:\Users\roberto\AppData\Local\Programs\MiKTeX\tex/latex/psnfss\courier.sty
Package: courier 2020/03/25 PSNFSS-v9.3 (WaS) 
)
(C:\Users\roberto\AppData\Local\Programs\MiKTeX\tex/latex/sectsty\sectsty.sty
Package: sectsty 2002/02/25 v2.0.2 Commands to change all sectional heading sty
les


LaTeX Warning: Command \underbar  has changed.
               Check if current package is valid.


LaTeX Warning: Command \underline  has changed.
               Check if current package is valid.

)
(C:\Users\roberto\AppData\Local\Programs\MiKTeX\tex/latex/geometry\geometry.sty
Package: geometry 2020/01/02 v5.9 Page Geometry
(C:\Users\roberto\AppData\Local\Programs\MiKTeX\tex/generic/iftex\ifvtex.sty
Package: ifvtex 2019/10/25 v1.7 ifvtex legacy package. Use iftex instead.
)
\Gm@cnth=\count316
\Gm@cntv=\count317
\c@Gm@tempcnt=\count318
\Gm@bindingoffset=\dimen190
\Gm@wd@mp=\dimen191
\Gm@odd@mp=\dimen192
\Gm@even@mp=\dimen193
\Gm@layoutwidth=\dimen194
\Gm@layoutheight=\dimen195
\Gm@layouthoffset=\dimen196
\Gm@layoutvoffset=\dimen197
\Gm@dimlist=\toks34

(C:\Users\roberto\AppData\Local\Programs\MiKTeX\tex/latex/geometry\geometry.cfg
))
(C:\Users\roberto\AppData\Local\Programs\MiKTeX\tex/latex/fancyhdr\fancyhdr.sty
Package: fancyhdr 2022/05/18 v4.0.3 Extensive control of page headers and foote
rs
\f@nch@headwidth=\skip82
\f@nch@O@elh=\skip83
\f@nch@O@erh=\skip84
\f@nch@O@olh=\skip85
\f@nch@O@orh=\skip86
\f@nch@O@elf=\skip87
\f@nch@O@erf=\skip88
\f@nch@O@olf=\skip89
\f@nch@O@orf=\skip90
) (C:\Users\roberto\AppData\Local\Programs\MiKTeX\tex/latex/natbib\natbib.sty
Package: natbib 2010/09/13 8.31b (PWD, AO)
\bibhang=\skip91
\bibsep=\skip92
LaTeX Info: Redefining \cite on input line 694.
\c@NAT@ctr=\count319
)
(C:\Users\roberto\AppData\Local\Programs\MiKTeX\tex/latex/tocloft\tocloft.sty
Package: tocloft 2017/08/31 v2.3i parameterised ToC, etc., typesetting
Package tocloft Info: The document has chapter divisions on input line 51.
\cftparskip=\skip93
\cftbeforetoctitleskip=\skip94
\cftaftertoctitleskip=\skip95
\cftbeforepartskip=\skip96
\cftpartnumwidth=\skip97
\cftpartindent=\skip98
\cftbeforechapskip=\skip99
\cftchapindent=\skip100
\cftchapnumwidth=\skip101
\cftbeforesecskip=\skip102
\cftsecindent=\skip103
\cftsecnumwidth=\skip104
\cftbeforesubsecskip=\skip105
\cftsubsecindent=\skip106
\cftsubsecnumwidth=\skip107
\cftbeforesubsubsecskip=\skip108
\cftsubsubsecindent=\skip109
\cftsubsubsecnumwidth=\skip110
\cftbeforeparaskip=\skip111
\cftparaindent=\skip112
\cftparanumwidth=\skip113
\cftbeforesubparaskip=\skip114
\cftsubparaindent=\skip115
\cftsubparanumwidth=\skip116
\cftbeforeloftitleskip=\skip117
\cftafterloftitleskip=\skip118
\cftbeforefigskip=\skip119
\cftfigindent=\skip120
\cftfignumwidth=\skip121
\c@lofdepth=\count320
\c@lotdepth=\count321
\cftbeforelottitleskip=\skip122
\cftafterlottitleskip=\skip123
\cftbeforetabskip=\skip124
\cfttabindent=\skip125
\cfttabnumwidth=\skip126
)
\@indexfile=\write4
\openout4 = `refman.idx'.


Writing index file refman.idx

(C:\Users\roberto\AppData\Local\Programs\MiKTeX\tex/latex/newunicodechar\newuni
codechar.sty
Package: newunicodechar 2018/04/08 v1.2 Defining Unicode characters
)

Package newunicodechar Warning: Redefining Unicode character on input line 116.



Package newunicodechar Warning: Redefining Unicode character on input line 117.



(C:\Users\roberto\AppData\Local\Programs\MiKTeX\tex/latex/hyperref\hyperref.sty
Package: hyperref 2022-09-22 v7.00t Hypertext links for LaTeX

(C:\Users\roberto\AppData\Local\Programs\MiKTeX\tex/generic/ltxcmds\ltxcmds.sty
Package: ltxcmds 2020-05-10 v1.25 LaTeX kernel commands for general use (HO)
)
(C:\Users\roberto\AppData\Local\Programs\MiKTeX\tex/generic/pdftexcmds\pdftexcm
ds.sty
Package: pdftexcmds 2020-06-27 v0.33 Utility functions of pdfTeX for LuaTeX (HO
)
Package pdftexcmds Info: \pdf@primitive is available.
Package pdftexcmds Info: \pdf@ifprimitive is available.
Package pdftexcmds Info: \pdfdraftmode found.
)
(C:\Users\roberto\AppData\Local\Programs\MiKTeX\tex/latex/kvsetkeys\kvsetkeys.s
ty
Package: kvsetkeys 2022-10-05 v1.19 Key value parser (HO)
)
(C:\Users\roberto\AppData\Local\Programs\MiKTeX\tex/generic/kvdefinekeys\kvdefi
nekeys.sty
Package: kvdefinekeys 2019-12-19 v1.6 Define keys (HO)
)
(C:\Users\roberto\AppData\Local\Programs\MiKTeX\tex/generic/pdfescape\pdfescape
.sty
Package: pdfescape 2019/12/09 v1.15 Implements pdfTeX's escape features (HO)
)
(C:\Users\roberto\AppData\Local\Programs\MiKTeX\tex/latex/hycolor\hycolor.sty
Package: hycolor 2020-01-27 v1.10 Color options for hyperref/bookmark (HO)
)
(C:\Users\roberto\AppData\Local\Programs\MiKTeX\tex/latex/letltxmacro\letltxmac
ro.sty
Package: letltxmacro 2019/12/03 v1.6 Let assignment for LaTeX macros (HO)
)
(C:\Users\roberto\AppData\Local\Programs\MiKTeX\tex/latex/auxhook\auxhook.sty
Package: auxhook 2019-12-17 v1.6 Hooks for auxiliary files (HO)
)
(C:\Users\roberto\AppData\Local\Programs\MiKTeX\tex/latex/hyperref\nameref.sty
Package: nameref 2022-05-17 v2.50 Cross-referencing by name of section

(C:\Users\roberto\AppData\Local\Programs\MiKTeX\tex/latex/refcount\refcount.sty
Package: refcount 2019/12/15 v3.6 Data extraction from label references (HO)
)
(C:\Users\roberto\AppData\Local\Programs\MiKTeX\tex/generic/gettitlestring\gett
itlestring.sty
Package: gettitlestring 2019/12/15 v1.6 Cleanup title references (HO)

(C:\Users\roberto\AppData\Local\Programs\MiKTeX\tex/latex/kvoptions\kvoptions.s
ty
Package: kvoptions 2022-06-15 v3.15 Key value format for package options (HO)
))
\c@section@level=\count322
)
\@linkdim=\dimen198
\Hy@linkcounter=\count323
\Hy@pagecounter=\count324

(C:\Users\roberto\AppData\Local\Programs\MiKTeX\tex/latex/hyperref\pd1enc.def
File: pd1enc.def 2022-09-22 v7.00t Hyperref: PDFDocEncoding definition (HO)
Now handling font encoding PD1 ...
... no UTF-8 mapping file for font encoding PD1
)
(C:\Users\roberto\AppData\Local\Programs\MiKTeX\tex/generic/etexcmds\etexcmds.s
ty
Package: etexcmds 2019/12/15 v1.7 Avoid name clashes with e-TeX commands (HO)
)
\Hy@SavedSpaceFactor=\count325

(C:\Users\roberto\AppData\Local\Programs\MiKTeX\tex/latex/hyperref\puenc.def
File: puenc.def 2022-09-22 v7.00t Hyperref: PDF Unicode definition (HO)
Now handling font encoding PU ...
... no UTF-8 mapping file for font encoding PU
)
Package hyperref Info: Hyper figures OFF on input line 4162.
Package hyperref Info: Link nesting OFF on input line 4167.
Package hyperref Info: Hyper index ON on input line 4170.
Package hyperref Info: Plain pages OFF on input line 4177.
Package hyperref Info: Backreferencing ON on input line 4180.
Package hyperref Info: Implicit mode ON; LaTeX internals redefined.
Package hyperref Info: Bookmarks ON on input line 4410.

(C:\Users\roberto\AppData\Local\Programs\MiKTeX\tex/latex/hyperref\backref.sty
Package: backref 2021/02/04 v1.41 Bibliographical back referencing

(C:\Users\roberto\AppData\Local\Programs\MiKTeX\tex/latex/rerunfilecheck\rerunf
ilecheck.sty
Package: rerunfilecheck 2022-07-10 v1.10 Rerun checks for auxiliary files (HO)

(C:\Users\roberto\AppData\Local\Programs\MiKTeX\tex/latex/base\atveryend-ltx.st
y
Package: atveryend-ltx 2020/08/19 v1.0a Emulation of the original atveryend pac
kage
with kernel methods
)
(C:\Users\roberto\AppData\Local\Programs\MiKTeX\tex/generic/uniquecounter\uniqu
ecounter.sty
Package: uniquecounter 2019/12/15 v1.4 Provide unlimited unique counter (HO)

(C:\Users\roberto\AppData\Local\Programs\MiKTeX\tex/generic/bigintcalc\bigintca
lc.sty
Package: bigintcalc 2019/12/15 v1.5 Expandable calculations on big integers (HO
)
))
Package uniquecounter Info: New unique counter `rerunfilecheck' on input line 2
85.
))
\c@Hy@tempcnt=\count326

(C:\Users\roberto\AppData\Local\Programs\MiKTeX\tex/latex/url\url.sty
\Urlmuskip=\muskip16
Package: url 2013/09/16  ver 3.4  Verb mode for urls, etc.
)
LaTeX Info: Redefining \url on input line 4748.
\XeTeXLinkMargin=\dimen199

(C:\Users\roberto\AppData\Local\Programs\MiKTeX\tex/generic/bitset\bitset.sty
Package: bitset 2019/12/09 v1.3 Handle bit-vector datatype (HO)
)
\Fld@menulength=\count327
\Field@Width=\dimen256
\Fld@charsize=\dimen257
Package hyperref Info: Hyper figures OFF on input line 6027.
Package hyperref Info: Link nesting OFF on input line 6032.
Package hyperref Info: Hyper index ON on input line 6035.
Package hyperref Info: backreferencing ON on input line 6040.
Package hyperref Info: Link coloring OFF on input line 6047.
Package hyperref Info: Link coloring with OCG OFF on input line 6052.
Package hyperref Info: PDF/A mode OFF on input line 6057.

(C:\Users\roberto\AppData\Local\Programs\MiKTeX\tex/latex/base\atbegshi-ltx.sty
Package: atbegshi-ltx 2021/01/10 v1.0c Emulation of the original atbegshi
package with kernel methods
)
\Hy@abspage=\count328
\c@Item=\count329
\c@Hfootnote=\count330


LaTeX Warning: Command \LT@p@ftntext  has changed.
               Check if current package is valid.

)
Package hyperref Info: Driver: hpdftex.

(C:\Users\roberto\AppData\Local\Programs\MiKTeX\tex/latex/hyperref\hpdftex.def
File: hpdftex.def 2022-09-22 v7.00t Hyperref driver for pdfTeX
\Fld@listcount=\count331
\c@bookmark@seq@number=\count332
\Hy@SectionHShift=\skip127
)
Package hyperref Info: Option `colorlinks' set `true' on input line 136.
Package hyperref Info: Option `unicode' set `true' on input line 136.
(C:\Users\roberto\AppData\Local\Programs\MiKTeX\tex/latex/caption\caption.sty
Package: caption 2022/03/01 v3.6b Customizing captions (AR)

(C:\Users\roberto\AppData\Local\Programs\MiKTeX\tex/latex/caption\caption3.sty
Package: caption3 2022/03/17 v2.3b caption3 kernel (AR)
\caption@tempdima=\dimen258
\captionmargin=\dimen259
\caption@leftmargin=\dimen260
\caption@rightmargin=\dimen261
\caption@width=\dimen262
\caption@indent=\dimen263
\caption@parindent=\dimen264
\caption@hangindent=\dimen265
Package caption Info: Standard document class detected.
)
\c@caption@flags=\count333
\c@continuedfloat=\count334
Package caption Info: float package is loaded.
Package caption Info: hyperref package is loaded.
Package caption Info: longtable package is loaded.

(C:\Users\roberto\AppData\Local\Programs\MiKTeX\tex/latex/caption\ltcaption.sty
Package: ltcaption 2021/01/08 v1.4c longtable captions (AR)
)) (C:\Users\roberto\AppData\Local\Programs\MiKTeX\tex/latex/etoc\etoc.sty
Package: etoc 2022/08/30 v1.09f Completely customisable TOCs (JFB)
\Etoc@toctoks=\toks35
\c@etoc@tocid=\count335
\c@etoc@tocdepth=\count336
\etoc@framed@titlebox=\box120
\etoc@framed@contentsbox=\box121
)
LaTeX Font Info:    Trying to load font information for T1+phv on input line 15
2.

(C:\Users\roberto\AppData\Local\Programs\MiKTeX\tex/latex/psnfss\t1phv.fd
File: t1phv.fd 2020/03/25 scalable font definitions for T1/phv.
)
LaTeX Font Info:    Font shape `T1/phv/m/n' will be
(Font)              scaled to size 8.99994pt on input line 152.

(C:\Users\roberto\AppData\Local\Programs\MiKTeX\tex/latex/l3backend\l3backend-p
dftex.def
File: l3backend-pdftex.def 2022-09-28 L3 backend support: PDF output (pdfTeX)
\l__color_backend_stack_int=\count337
\l__pdf_internal_box=\box122
)
No file refman.aux.
\openout1 = `refman.aux'.

LaTeX Font Info:    Checking defaults for OML/cmm/m/it on input line 152.
LaTeX Font Info:    ... okay on input line 152.
LaTeX Font Info:    Checking defaults for OMS/cmsy/m/n on input line 152.
LaTeX Font Info:    ... okay on input line 152.
LaTeX Font Info:    Checking defaults for OT1/cmr/m/n on input line 152.
LaTeX Font Info:    ... okay on input line 152.
LaTeX Font Info:    Checking defaults for T1/cmr/m/n on input line 152.
LaTeX Font Info:    ... okay on input line 152.
LaTeX Font Info:    Checking defaults for TS1/cmr/m/n on input line 152.
LaTeX Font Info:    ... okay on input line 152.
LaTeX Font Info:    Checking defaults for OMX/cmex/m/n on input line 152.
LaTeX Font Info:    ... okay on input line 152.
LaTeX Font Info:    Checking defaults for U/cmr/m/n on input line 152.
LaTeX Font Info:    ... okay on input line 152.
LaTeX Font Info:    Checking defaults for PD1/pdf/m/n on input line 152.
LaTeX Font Info:    ... okay on input line 152.
LaTeX Font Info:    Checking defaults for PU/pdf/m/n on input line 152.
LaTeX Font Info:    ... okay on input line 152.

(C:\Users\roberto\AppData\Local\Programs\MiKTeX\tex/context/base/mkii\supp-pdf.
mkii
[Loading MPS to PDF converter (version 2006.09.02).]
\scratchcounter=\count338
\scratchdimen=\dimen266
\scratchbox=\box123
\nofMPsegments=\count339
\nofMParguments=\count340
\everyMPshowfont=\toks36
\MPscratchCnt=\count341
\MPscratchDim=\dimen267
\MPnumerator=\count342
\makeMPintoPDFobject=\count343
\everyMPtoPDFconversion=\toks37
)
(C:\Users\roberto\AppData\Local\Programs\MiKTeX\tex/latex/epstopdf-pkg\epstopdf
-base.sty
Package: epstopdf-base 2020-01-24 v2.11 Base part for package epstopdf
Package epstopdf-base Info: Redefining graphics rule for `.eps' on input line 4
85.

(C:\Users\roberto\AppData\Local\Programs\MiKTeX\tex/latex/00miktex\epstopdf-sys
.cfg
File: epstopdf-sys.cfg 2021/03/18 v2.0 Configuration of epstopdf for MiKTeX
))
*geometry* driver: auto-detecting
*geometry* detected driver: pdftex
*geometry* verbose mode - [ preamble ] result:
* driver: pdftex
* paper: a4paper
* layout: <same size as paper>
* layoutoffset:(h,v)=(0.0pt,0.0pt)
* modes: twoside 
* h-part:(L,W,R)=(71.13188pt, 455.24411pt, 71.13188pt)
* v-part:(T,H,B)=(71.13188pt, 702.78308pt, 71.13188pt)
* \paperwidth=597.50787pt
* \paperheight=845.04684pt
* \textwidth=455.24411pt
* \textheight=702.78308pt
* \oddsidemargin=-1.1381pt
* \evensidemargin=-1.1381pt
* \topmargin=-31.2056pt
* \headheight=12.0pt
* \headsep=18.06749pt
* \topskip=10.0pt
* \footskip=25.29494pt
* \marginparwidth=125.0pt
* \marginparsep=7.0pt
* \columnsep=10.0pt
* \skip\footins=9.0pt plus 4.0pt minus 2.0pt
* \hoffset=0.0pt
* \voffset=0.0pt
* \mag=1000
* \@twocolumnfalse
* \@twosidetrue
* \@mparswitchtrue
* \@reversemarginfalse
* (1in=72.27pt=25.4mm, 1cm=28.453pt)

Package backref Info: ** backref set up for natbib ** on input line 152.
Package hyperref Info: Link coloring ON on input line 152.
\@outlinefile=\write5
\openout5 = `refman.out'.

Package caption Info: Begin \AtBeginDocument code.
Package caption Info: End \AtBeginDocument code.
No file refman.toc.
Package hyperref Info: Option `pageanchor' set `false' on input line 160.
Package hyperref Info: Option `bookmarksnumbered' set `true' on input line 160.

Package hyperref Info: Option `unicode' set `true' on input line 160.
LaTeX Font Info:    Font shape `T1/phv/m/n' will be
(Font)              scaled to size 12.9599pt on input line 165.
LaTeX Font Info:    Font shape `T1/phv/m/n' will be
(Font)              scaled to size 6.29996pt on input line 165.
LaTeX Font Info:    Trying to load font information for U+msa on input line 165
.
(C:\Users\roberto\AppData\Local\Programs\MiKTeX\tex/latex/amsfonts\umsa.fd
File: umsa.fd 2013/01/14 v3.01 AMS symbols A
)
LaTeX Font Info:    Trying to load font information for U+msb on input line 165
.

(C:\Users\roberto\AppData\Local\Programs\MiKTeX\tex/latex/amsfonts\umsb.fd
File: umsb.fd 2013/01/14 v3.01 AMS symbols B
)
LaTeX Font Info:    Trying to load font information for U+wasy on input line 16
5.

(C:\Users\roberto\AppData\Local\Programs\MiKTeX\tex/latex/wasysym\uwasy.fd
File: uwasy.fd 2020/01/19 v2.4 Wasy-2 symbol font definitions
)
LaTeX Font Info:    Font shape `T1/phv/m/n' will be
(Font)              scaled to size 10.79993pt on input line 166.

[1


{C:/Users/roberto/AppData/Local/MiKTeX/fonts/map/pdftex/pdftex.map}] [2

]
\tf@toc=\write6
\openout6 = `refman.toc'.

Package hyperref Info: Option `pageanchor' set `true' on input line 177.

Chapter 1.
LaTeX Font Info:    Font shape `T1/phv/m/n' will be
(Font)              scaled to size 18.66588pt on input line 179.
LaTeX Font Info:    Font shape `T1/phv/b/n' will be
(Font)              scaled to size 18.66588pt on input line 179.
LaTeX Font Info:    Font shape `T1/phv/bc/n' will be
(Font)              scaled to size 18.66588pt on input line 179.
LaTeX Font Info:    Font shape `T1/phv/m/n' will be
(Font)              scaled to size 22.39185pt on input line 179.
LaTeX Font Info:    Font shape `T1/phv/b/n' will be
(Font)              scaled to size 22.39185pt on input line 179.
LaTeX Font Info:    Font shape `T1/phv/bc/n' will be
(Font)              scaled to size 22.39185pt on input line 179.
(namespaces.tex
LaTeX Font Info:    Font shape `T1/phv/b/n' will be
(Font)              scaled to size 12.9599pt on input line 1.
LaTeX Font Info:    Font shape `T1/phv/b/n' will be
(Font)              scaled to size 8.99994pt on input line 3.


LaTeX Warning: Reference `namespaceull' on page 1 undefined on input line 3.

)
LaTeX Font Info:    Font shape `T1/phv/b/n' will be
(Font)              scaled to size 6.29996pt on input line 181.
 [1


] [2

]
Chapter 2.
(hierarchy.tex

LaTeX Warning: Reference `classull_1_1_rating' on page 3 undefined on input lin
e 4.


LaTeX Warning: Reference `interfaceull_1_1_filter' on page 3 undefined on input
 line 6.


LaTeX Warning: Reference `classull_1_1_all_filters' on page 3 undefined on inpu
t line 8.


LaTeX Warning: Reference `classull_1_1_directors_filter' on page 3 undefined on
 input line 9.


LaTeX Warning: Reference `classull_1_1_genre_filter' on page 3 undefined on inp
ut line 10.


LaTeX Warning: Reference `classull_1_1_minutes_filter' on page 3 undefined on i
nput line 11.


LaTeX Warning: Reference `classull_1_1_true_filter' on page 3 undefined on inpu
t line 12.


LaTeX Warning: Reference `classull_1_1_year_after_filter' on page 3 undefined o
n input line 13.


LaTeX Warning: Reference `classull_1_1_first_ratings' on page 3 undefined on in
put line 15.


LaTeX Warning: Reference `classull_1_1_fourth_ratings' on page 3 undefined on i
nput line 16.


LaTeX Warning: Reference `classull_1_1_movie' on page 3 undefined on input line
 17.


LaTeX Warning: Reference `classull_1_1_movie_database' on page 3 undefined on i
nput line 18.


LaTeX Warning: Reference `classull_1_1_movie_runner_similar_ratings' on page 3 
undefined on input line 19.


LaTeX Warning: Reference `interfaceull_1_1_rater' on page 3 undefined on input 
line 20.


LaTeX Warning: Reference `classull_1_1_efficient_rater' on page 3 undefined on 
input line 22.


LaTeX Warning: Reference `classull_1_1_rater_database' on page 3 undefined on i
nput line 24.


LaTeX Warning: Reference `interfaceull_1_1_recommender' on page 3 undefined on 
input line 25.


LaTeX Warning: Reference `classull_1_1_recommendation_runner' on page 3 undefin
ed on input line 27.

) [3] [4

]
Chapter 3.
(annotated.tex

LaTeX Warning: Reference `classull_1_1_all_filters' on page 5 undefined on inpu
t line 3.


LaTeX Warning: Reference `classull_1_1_directors_filter' on page 5 undefined on
 input line 4.


LaTeX Warning: Reference `classull_1_1_efficient_rater' on page 5 undefined on 
input line 5.


LaTeX Warning: Reference `interfaceull_1_1_filter' on page 5 undefined on input
 line 6.


LaTeX Warning: Reference `classull_1_1_first_ratings' on page 5 undefined on in
put line 7.


LaTeX Warning: Reference `classull_1_1_fourth_ratings' on page 5 undefined on i
nput line 8.


LaTeX Warning: Reference `classull_1_1_genre_filter' on page 5 undefined on inp
ut line 9.


LaTeX Warning: Reference `classull_1_1_minutes_filter' on page 5 undefined on i
nput line 10.


LaTeX Warning: Reference `classull_1_1_movie' on page 5 undefined on input line
 11.


LaTeX Warning: Reference `classull_1_1_movie_database' on page 5 undefined on i
nput line 12.


LaTeX Warning: Reference `classull_1_1_movie_runner_similar_ratings' on page 5 
undefined on input line 13.


LaTeX Warning: Reference `interfaceull_1_1_rater' on page 5 undefined on input 
line 14.


LaTeX Warning: Reference `classull_1_1_rater_database' on page 5 undefined on i
nput line 15.


LaTeX Warning: Reference `classull_1_1_rating' on page 5 undefined on input lin
e 16.


LaTeX Warning: Reference `classull_1_1_recommendation_runner' on page 5 undefin
ed on input line 17.


LaTeX Warning: Reference `interfaceull_1_1_recommender' on page 5 undefined on 
input line 18.


LaTeX Warning: Reference `classull_1_1_true_filter' on page 5 undefined on inpu
t line 19.


LaTeX Warning: Reference `classull_1_1_year_after_filter' on page 5 undefined o
n input line 20.

) [5] [6

]
Chapter 4.
(files.tex

LaTeX Warning: Reference `_all_filters_8java' on page 7 undefined on input line
 3.


LaTeX Warning: Reference `_directors_filter_8java' on page 7 undefined on input
 line 4.


LaTeX Warning: Reference `_efficient_rater_8java' on page 7 undefined on input 
line 5.


LaTeX Warning: Reference `_filter_8java' on page 7 undefined on input line 6.


LaTeX Warning: Reference `_first_ratings_8java' on page 7 undefined on input li
ne 7.


LaTeX Warning: Reference `_fourth_ratings_8java' on page 7 undefined on input l
ine 8.


LaTeX Warning: Reference `_genre_filter_8java' on page 7 undefined on input lin
e 9.


LaTeX Warning: Reference `_minutes_filter_8java' on page 7 undefined on input l
ine 10.


LaTeX Warning: Reference `_movie_8java' on page 7 undefined on input line 11.


LaTeX Warning: Reference `_movie_database_8java' on page 7 undefined on input l
ine 12.


LaTeX Warning: Reference `_movie_runner_similar_ratings_8java' on page 7 undefi
ned on input line 13.


LaTeX Warning: Reference `_rater_8java' on page 7 undefined on input line 14.


LaTeX Warning: Reference `_rater_database_8java' on page 7 undefined on input l
ine 15.


LaTeX Warning: Reference `_rating_8java' on page 7 undefined on input line 16.


LaTeX Warning: Reference `_recommendation_runner_8java' on page 7 undefined on 
input line 17.


LaTeX Warning: Reference `_recommender_8java' on page 7 undefined on input line
 18.


LaTeX Warning: Reference `_true_filter_8java' on page 7 undefined on input line
 19.


LaTeX Warning: Reference `_year_after_filter_8java' on page 7 undefined on inpu
t line 20.

) [7] [8

]
Chapter 5.
(namespaceull.tex
LaTeX Font Info:    Font shape `T1/phv/b/n' will be
(Font)              scaled to size 10.79993pt on input line 3.
LaTeX Font Info:    Trying to load font information for TS1+phv on input line 6
.

(C:\Users\roberto\AppData\Local\Programs\MiKTeX\tex/latex/psnfss\ts1phv.fd
File: ts1phv.fd 2020/03/25 scalable font definitions for TS1/phv.
)
LaTeX Font Info:    Font shape `TS1/phv/m/n' will be
(Font)              scaled to size 8.99994pt on input line 6.
)
[9] [10

]
Chapter 6.
(classull_1_1_all_filters.tex <./classull_1_1_all_filters__inherit__graph.pdf

pdfTeX warning: pdflatex (file ./classull_1_1_all_filters__inherit__graph.pdf):
 PDF inclusion: multiple pdfs with page group included in a single page
>
<classull_1_1_all_filters__inherit__graph.pdf, id=158, 148.555pt x 154.5775pt>
File: classull_1_1_all_filters__inherit__graph.pdf Graphic file (type pdf)
<use classull_1_1_all_filters__inherit__graph.pdf>
Package pdftex.def Info: classull_1_1_all_filters__inherit__graph.pdf  used on 
input line 10.
(pdftex.def)             Requested size: 148.0pt x 154.0063pt.
 <./classull_1_1_all_filters__coll__graph.pdf

pdfTeX warning: pdflatex (file ./classull_1_1_all_filters__coll__graph.pdf): PD
F inclusion: multiple pdfs with page group included in a single page
>
<classull_1_1_all_filters__coll__graph.pdf, id=166, 258.9675pt x 165.61874pt>
File: classull_1_1_all_filters__coll__graph.pdf Graphic file (type pdf)
<use classull_1_1_all_filters__coll__graph.pdf>
Package pdftex.def Info: classull_1_1_all_filters__coll__graph.pdf  used on inp
ut line 20.
(pdftex.def)             Requested size: 258.0pt x 165.01686pt.
 [11]
LaTeX Font Info:    Font shape `T1/phv/m/n' will be
(Font)              scaled to size 7.19995pt on input line 39.
LaTeX Font Info:    Trying to load font information for T1+pcr on input line 39
.

(C:\Users\roberto\AppData\Local\Programs\MiKTeX\tex/latex/psnfss\t1pcr.fd
File: t1pcr.fd 2001/06/04 font definitions for T1/pcr.
)
LaTeX Font Info:    Font shape `T1/pcr/m/it' in size <8> not available
(Font)              Font shape `T1/pcr/m/sl' tried instead on input line 48.
)
(classull_1_1_directors_filter.tex <./classull_1_1_directors_filter__inherit__g
raph.pdf>
<classull_1_1_directors_filter__inherit__graph.pdf, id=191, 170.6375pt x 154.57
75pt>
File: classull_1_1_directors_filter__inherit__graph.pdf Graphic file (type pdf)

<use classull_1_1_directors_filter__inherit__graph.pdf>
Package pdftex.def Info: classull_1_1_directors_filter__inherit__graph.pdf  use
d on input line 10.
(pdftex.def)             Requested size: 170.0pt x 154.00865pt.
 <./classull_1_1_directors_filter__coll__graph.pdf

pdfTeX warning: pdflatex (file ./classull_1_1_directors_filter__coll__graph.pdf
): PDF inclusion: multiple pdfs with page group included in a single page
>
<classull_1_1_directors_filter__coll__graph.pdf, id=199, 170.6375pt x 154.5775p
t>
File: classull_1_1_directors_filter__coll__graph.pdf Graphic file (type pdf)
<use classull_1_1_directors_filter__coll__graph.pdf>
Package pdftex.def Info: classull_1_1_directors_filter__coll__graph.pdf  used o
n input line 20.
(pdftex.def)             Requested size: 170.0pt x 154.00865pt.
 [12]
LaTeX Font Info:    Font shape `T1/phv/bc/n' will be
(Font)              scaled to size 8.99994pt on input line 35.

Underfull \hbox (badness 10000) detected at line 35
[][][]
 []


Underfull \hbox (badness 10000) detected at line 38
[][][]
 []

[13]) (classull_1_1_efficient_rater.tex <./classull_1_1_efficient_rater__inheri
t__graph.pdf>
<classull_1_1_efficient_rater__inherit__graph.pdf, id=239, 167.62625pt x 154.57
75pt>
File: classull_1_1_efficient_rater__inherit__graph.pdf Graphic file (type pdf)
<use classull_1_1_efficient_rater__inherit__graph.pdf>
Package pdftex.def Info: classull_1_1_efficient_rater__inherit__graph.pdf  used
 on input line 10.
(pdftex.def)             Requested size: 167.0pt x 153.99922pt.
 <./classull_1_1_efficient_rater__coll__graph.pdf

pdfTeX warning: pdflatex (file ./classull_1_1_efficient_rater__coll__graph.pdf)
: PDF inclusion: multiple pdfs with page group included in a single page
>
<classull_1_1_efficient_rater__coll__graph.pdf, id=247, 167.62625pt x 154.5775p
t>
File: classull_1_1_efficient_rater__coll__graph.pdf Graphic file (type pdf)
<use classull_1_1_efficient_rater__coll__graph.pdf>
Package pdftex.def Info: classull_1_1_efficient_rater__coll__graph.pdf  used on
 input line 20.
(pdftex.def)             Requested size: 167.0pt x 153.99922pt.
 [14]
Underfull \hbox (badness 10000) detected at line 47
[][][]
 []


Underfull \hbox (badness 10000) detected at line 50
[][][]
 []

LaTeX Font Info:    Font shape `T1/pcr/m/it' in size <7> not available
(Font)              Font shape `T1/pcr/m/sl' tried instead on input line 69.
[15] [16]) (interfaceull_1_1_filter.tex <./interfaceull_1_1_filter__inherit__gr
aph.pdf

pdfTeX warning: pdflatex (file ./interfaceull_1_1_filter__inherit__graph.pdf): 
PDF inclusion: multiple pdfs with page group included in a single page
>
<interfaceull_1_1_filter__inherit__graph.pdf, id=320, 259.97125pt x 285.065pt>
File: interfaceull_1_1_filter__inherit__graph.pdf Graphic file (type pdf)
<use interfaceull_1_1_filter__inherit__graph.pdf>
Package pdftex.def Info: interfaceull_1_1_filter__inherit__graph.pdf  used on i
nput line 10.
(pdftex.def)             Requested size: 259.0pt x 283.99861pt.
 [17]) (classull_1_1_first_ratings.tex
Underfull \hbox (badness 10000) detected at line 21
[][][]
 []


Underfull \hbox (badness 10000) detected at line 24
[][][]
 []

LaTeX Font Info:    Font shape `T1/phv/b/n' will be
(Font)              scaled to size 7.19995pt on input line 33.
[18]) (classull_1_1_fourth_ratings.tex [19]
Underfull \hbox (badness 10000) detected at line 21
[][][]
 []


Underfull \hbox (badness 10000) detected at line 24
[][][]
 []

[20]) (classull_1_1_genre_filter.tex <./classull_1_1_genre_filter__inherit__gra
ph.pdf

pdfTeX warning: pdflatex (file ./classull_1_1_genre_filter__inherit__graph.pdf)
: PDF inclusion: multiple pdfs with page group included in a single page
>
<classull_1_1_genre_filter__inherit__graph.pdf, id=423, 157.58875pt x 154.5775p
t>
File: classull_1_1_genre_filter__inherit__graph.pdf Graphic file (type pdf)
<use classull_1_1_genre_filter__inherit__graph.pdf>
Package pdftex.def Info: classull_1_1_genre_filter__inherit__graph.pdf  used on
 input line 10.
(pdftex.def)             Requested size: 157.0pt x 154.00865pt.
 <./classull_1_1_genre_filter__coll__graph.pdf

pdfTeX warning: pdflatex (file ./classull_1_1_genre_filter__coll__graph.pdf): P
DF inclusion: multiple pdfs with page group included in a single page
>
<classull_1_1_genre_filter__coll__graph.pdf, id=431, 157.58875pt x 154.5775pt>
File: classull_1_1_genre_filter__coll__graph.pdf Graphic file (type pdf)
<use classull_1_1_genre_filter__coll__graph.pdf>
Package pdftex.def Info: classull_1_1_genre_filter__coll__graph.pdf  used on in
put line 20.
(pdftex.def)             Requested size: 157.0pt x 154.00865pt.
 [21]
Underfull \hbox (badness 10000) detected at line 35
[][][]
 []


Underfull \hbox (badness 10000) detected at line 38
[][][]
 []

) (classull_1_1_minutes_filter.tex <./classull_1_1_minutes_filter__inherit__gra
ph.pdf>
<classull_1_1_minutes_filter__inherit__graph.pdf, id=453, 166.6225pt x 154.5775
pt>
File: classull_1_1_minutes_filter__inherit__graph.pdf Graphic file (type pdf)
<use classull_1_1_minutes_filter__inherit__graph.pdf>
Package pdftex.def Info: classull_1_1_minutes_filter__inherit__graph.pdf  used 
on input line 10.
(pdftex.def)             Requested size: 166.0pt x 154.01102pt.
 [22] <./classull_1_1_minutes_filter__coll__graph.pdf

pdfTeX warning: pdflatex (file ./classull_1_1_minutes_filter__coll__graph.pdf):
 PDF inclusion: multiple pdfs with page group included in a single page
>
<classull_1_1_minutes_filter__coll__graph.pdf, id=472, 166.6225pt x 154.5775pt>

File: classull_1_1_minutes_filter__coll__graph.pdf Graphic file (type pdf)
<use classull_1_1_minutes_filter__coll__graph.pdf>
Package pdftex.def Info: classull_1_1_minutes_filter__coll__graph.pdf  used on 
input line 20.
(pdftex.def)             Requested size: 166.0pt x 154.01102pt.

Underfull \hbox (badness 10000) detected at line 37
[][][]
 []


Underfull \hbox (badness 10000) detected at line 40
[][][]
 []

[23]) (classull_1_1_movie.tex [24] [25]) (classull_1_1_movie_database.tex
[26] [27]) (classull_1_1_movie_runner_similar_ratings.tex [28]
Underfull \hbox (badness 10000) detected at line 23
[][][]
 []


Package longtable Warning: Column widths have changed
(longtable)                in table 6.1 on input line 41.

[29]) (interfaceull_1_1_rater.tex <./interfaceull_1_1_rater__inherit__graph.pdf


pdfTeX warning: pdflatex (file ./interfaceull_1_1_rater__inherit__graph.pdf): P
DF inclusion: multiple pdfs with page group included in a single page
>
<interfaceull_1_1_rater__inherit__graph.pdf, id=633, 167.62625pt x 154.5775pt>
File: interfaceull_1_1_rater__inherit__graph.pdf Graphic file (type pdf)
<use interfaceull_1_1_rater__inherit__graph.pdf>
Package pdftex.def Info: interfaceull_1_1_rater__inherit__graph.pdf  used on in
put line 10.
(pdftex.def)             Requested size: 167.0pt x 153.99922pt.
 [30] [31]) (classull_1_1_rater_database.tex [32]) (classull_1_1_rating.tex <./
classull_1_1_rating__inherit__graph.pdf

pdfTeX warning: pdflatex (file ./classull_1_1_rating__inherit__graph.pdf): PDF 
inclusion: multiple pdfs with page group included in a single page
>
<classull_1_1_rating__inherit__graph.pdf, id=698, 194.7275pt x 154.5775pt>
File: classull_1_1_rating__inherit__graph.pdf Graphic file (type pdf)
<use classull_1_1_rating__inherit__graph.pdf>
Package pdftex.def Info: classull_1_1_rating__inherit__graph.pdf  used on input
 line 10.
(pdftex.def)             Requested size: 194.0pt x 154.0063pt.
 [33] <./classull_1_1_rating__coll__graph.pdf

pdfTeX warning: pdflatex (file ./classull_1_1_rating__coll__graph.pdf): PDF inc
lusion: multiple pdfs with page group included in a single page
>
<classull_1_1_rating__coll__graph.pdf, id=723, 194.7275pt x 154.5775pt>
File: classull_1_1_rating__coll__graph.pdf Graphic file (type pdf)
<use classull_1_1_rating__coll__graph.pdf>
Package pdftex.def Info: classull_1_1_rating__coll__graph.pdf  used on input li
ne 20.
(pdftex.def)             Requested size: 194.0pt x 154.0063pt.
 [34]) (classull_1_1_recommendation_runner.tex <./classull_1_1_recommendation_r
unner__inherit__graph.pdf>
<classull_1_1_recommendation_runner__inherit__graph.pdf, id=749, 216.81pt x 154
.5775pt>
File: classull_1_1_recommendation_runner__inherit__graph.pdf Graphic file (type
 pdf)
<use classull_1_1_recommendation_runner__inherit__graph.pdf>
Package pdftex.def Info: classull_1_1_recommendation_runner__inherit__graph.pdf
  used on input line 10.
(pdftex.def)             Requested size: 216.0pt x 154.00865pt.
 [35] <./classull_1_1_recommendation_runner__coll__graph.pdf

pdfTeX warning: pdflatex (file ./classull_1_1_recommendation_runner__coll__grap
h.pdf): PDF inclusion: multiple pdfs with page group included in a single page
>
<classull_1_1_recommendation_runner__coll__graph.pdf, id=775, 216.81pt x 154.57
75pt>
File: classull_1_1_recommendation_runner__coll__graph.pdf Graphic file (type pd
f)
<use classull_1_1_recommendation_runner__coll__graph.pdf>
Package pdftex.def Info: classull_1_1_recommendation_runner__coll__graph.pdf  u
sed on input line 20.
(pdftex.def)             Requested size: 216.0pt x 154.00865pt.

Underfull \hbox (badness 10000) detected at line 33
[][][]
 []

[36]

Package longtable Warning: Column widths have changed
(longtable)                in table 6.2 on input line 71.

) (interfaceull_1_1_recommender.tex <./interfaceull_1_1_recommender__inherit__g
raph.pdf>
<interfaceull_1_1_recommender__inherit__graph.pdf, id=809, 216.81pt x 154.5775p
t>
File: interfaceull_1_1_recommender__inherit__graph.pdf Graphic file (type pdf)
<use interfaceull_1_1_recommender__inherit__graph.pdf>
Package pdftex.def Info: interfaceull_1_1_recommender__inherit__graph.pdf  used
 on input line 10.
(pdftex.def)             Requested size: 216.0pt x 154.00865pt.
 [37] [38]

Package longtable Warning: Column widths have changed
(longtable)                in table 6.3 on input line 62.

) (classull_1_1_true_filter.tex <./classull_1_1_true_filter__inherit__graph.pdf
>
<classull_1_1_true_filter__inherit__graph.pdf, id=853, 150.5625pt x 154.5775pt>

File: classull_1_1_true_filter__inherit__graph.pdf Graphic file (type pdf)
<use classull_1_1_true_filter__inherit__graph.pdf>
Package pdftex.def Info: classull_1_1_true_filter__inherit__graph.pdf  used on 
input line 10.
(pdftex.def)             Requested size: 150.0pt x 154.01338pt.
 <./classull_1_1_true_filter__coll__graph.pdf

pdfTeX warning: pdflatex (file ./classull_1_1_true_filter__coll__graph.pdf): PD
F inclusion: multiple pdfs with page group included in a single page
>
<classull_1_1_true_filter__coll__graph.pdf, id=861, 150.5625pt x 154.5775pt>
File: classull_1_1_true_filter__coll__graph.pdf Graphic file (type pdf)
<use classull_1_1_true_filter__coll__graph.pdf>
Package pdftex.def Info: classull_1_1_true_filter__coll__graph.pdf  used on inp
ut line 20.
(pdftex.def)             Requested size: 150.0pt x 154.01338pt.
 [39]) (classull_1_1_year_after_filter.tex <./classull_1_1_year_after_filter__i
nherit__graph.pdf>
<classull_1_1_year_after_filter__inherit__graph.pdf, id=881, 172.645pt x 154.57
75pt>
File: classull_1_1_year_after_filter__inherit__graph.pdf Graphic file (type pdf
)
<use classull_1_1_year_after_filter__inherit__graph.pdf>
Package pdftex.def Info: classull_1_1_year_after_filter__inherit__graph.pdf  us
ed on input line 10.
(pdftex.def)             Requested size: 172.0pt x 154.00159pt.
 <./classull_1_1_year_after_filter__coll__graph.pdf

pdfTeX warning: pdflatex (file ./classull_1_1_year_after_filter__coll__graph.pd
f): PDF inclusion: multiple pdfs with page group included in a single page
>
<classull_1_1_year_after_filter__coll__graph.pdf, id=889, 172.645pt x 154.5775p
t>
File: classull_1_1_year_after_filter__coll__graph.pdf Graphic file (type pdf)
<use classull_1_1_year_after_filter__coll__graph.pdf>
Package pdftex.def Info: classull_1_1_year_after_filter__coll__graph.pdf  used 
on input line 20.
(pdftex.def)             Requested size: 172.0pt x 154.00159pt.
 [40]) [41] [42

]
Chapter 7.
(_all_filters_8java.tex) (_directors_filter_8java.tex)
(_efficient_rater_8java.tex) (_filter_8java.tex) (_first_ratings_8java.tex
[43]) (_fourth_ratings_8java.tex) (_genre_filter_8java.tex)
(_minutes_filter_8java.tex) (_movie_8java.tex [44]) (_movie_database_8java.tex)
(_movie_runner_similar_ratings_8java.tex) (_rater_8java.tex)
(_rater_database_8java.tex [45]) (_rating_8java.tex)
(_recommendation_runner_8java.tex) (_recommender_8java.tex)
(_true_filter_8java.tex [46]) (_year_after_filter_8java.tex) [47] [48

]
No file refman.ind.

Package longtable Warning: Table widths have changed. Rerun LaTeX.

(refman.aux)

LaTeX Warning: There were undefined references.


LaTeX Warning: Label(s) may have changed. Rerun to get cross-references right.


Package rerunfilecheck Warning: File `refman.out' has changed.
(rerunfilecheck)                Rerun to get outlines right
(rerunfilecheck)                or use package `bookmark'.

Package rerunfilecheck Info: Checksums for `refman.out':
(rerunfilecheck)             Before: <no file>
(rerunfilecheck)             After:  691402F9AD26667CA8464061BB75DE3C;37964.
 ) 
Here is how much of TeX's memory you used:
 18690 strings out of 475385
 324068 string characters out of 2775963
 649573 words of memory out of 3000000
 39245 multiletter control sequences out of 15000+600000
 524074 words of font info for 96 fonts, out of 8000000 for 9000
 1141 hyphenation exceptions out of 8191
 99i,16n,117p,765b,602s stack positions out of 10000i,1000n,20000p,200000b,80000s
{C:/Users/roberto/AppData/Local/Programs/MiKTeX/fonts/enc/dvips/base/8r.enc}<
C:/Users/roberto/AppData/Local/Programs/MiKTeX/fonts/type1/public/amsfonts/cm/c
mmi10.pfb><C:/Users/roberto/AppData/Local/Programs/MiKTeX/fonts/type1/public/am
sfonts/cm/cmmi8.pfb><C:/Users/roberto/AppData/Local/Programs/MiKTeX/fonts/type1
/urw/courier/ucrb8a.pfb><C:/Users/roberto/AppData/Local/Programs/MiKTeX/fonts/t
ype1/urw/courier/ucrr8a.pfb><C:/Users/roberto/AppData/Local/Programs/MiKTeX/fon
ts/type1/urw/courier/ucrro8a.pfb><C:/Users/roberto/AppData/Local/Programs/MiKTe
X/fonts/type1/urw/helvetic/uhvb8a.pfb><C:/Users/roberto/AppData/Local/Programs/
MiKTeX/fonts/type1/urw/helvetic/uhvb8ac.pfb><C:/Users/roberto/AppData/Local/Pro
grams/MiKTeX/fonts/type1/urw/helvetic/uhvr8a.pfb><C:/Users/roberto/AppData/Loca
l/Programs/MiKTeX/fonts/type1/urw/helvetic/uhvro8a.pfb>
Output written on refman.pdf (50 pages, 516378 bytes).
PDF statistics:
 1172 PDF objects out of 1200 (max. 8388607)
 418 named destinations out of 1000 (max. 500000)
 106 words of extra memory for PDF output out of 10000 (max. 10000000)

