\BOOKMARK [0][-]{chapter.1}{\376\377\0001\000\040\000N\000a\000m\000e\000s\000p\000a\000c\000e\000\040\000I\000n\000d\000e\000x}{}% 1
\BOOKMARK [1][-]{section.1.1}{\376\377\0001\000.\0001\000\040\000P\000a\000c\000k\000a\000g\000e\000\040\000L\000i\000s\000t}{chapter.1}% 2
\BOOKMARK [0][-]{chapter.2}{\376\377\0002\000\040\000H\000i\000e\000r\000a\000r\000c\000h\000i\000c\000a\000l\000\040\000I\000n\000d\000e\000x}{}% 3
\BOOKMARK [1][-]{section.2.1}{\376\377\0002\000.\0001\000\040\000C\000l\000a\000s\000s\000\040\000H\000i\000e\000r\000a\000r\000c\000h\000y}{chapter.2}% 4
\BOOKMARK [0][-]{chapter.3}{\376\377\0003\000\040\000C\000l\000a\000s\000s\000\040\000I\000n\000d\000e\000x}{}% 5
\BOOKMARK [1][-]{section.3.1}{\376\377\0003\000.\0001\000\040\000C\000l\000a\000s\000s\000\040\000L\000i\000s\000t}{chapter.3}% 6
\BOOKMARK [0][-]{chapter.4}{\376\377\0004\000\040\000F\000i\000l\000e\000\040\000I\000n\000d\000e\000x}{}% 7
\BOOKMARK [1][-]{section.4.1}{\376\377\0004\000.\0001\000\040\000F\000i\000l\000e\000\040\000L\000i\000s\000t}{chapter.4}% 8
\BOOKMARK [0][-]{chapter.5}{\376\377\0005\000\040\000N\000a\000m\000e\000s\000p\000a\000c\000e\000\040\000D\000o\000c\000u\000m\000e\000n\000t\000a\000t\000i\000o\000n}{}% 9
\BOOKMARK [1][-]{section.5.1}{\376\377\0005\000.\0001\000\040\000P\000a\000c\000k\000a\000g\000e\000\040\000u\000l\000l}{chapter.5}% 10
\BOOKMARK [0][-]{chapter.6}{\376\377\0006\000\040\000C\000l\000a\000s\000s\000\040\000D\000o\000c\000u\000m\000e\000n\000t\000a\000t\000i\000o\000n}{}% 11
\BOOKMARK [1][-]{section.6.1}{\376\377\0006\000.\0001\000\040\000u\000l\000l\000.\000A\000l\000l\000F\000i\000l\000t\000e\000r\000s\000\040\000C\000l\000a\000s\000s\000\040\000R\000e\000f\000e\000r\000e\000n\000c\000e}{chapter.6}% 12
\BOOKMARK [2][-]{subsection.6.1.1}{\376\377\0006\000.\0001\000.\0001\000\040\000C\000o\000n\000s\000t\000r\000u\000c\000t\000o\000r\000\040\000\046\000\040\000D\000e\000s\000t\000r\000u\000c\000t\000o\000r\000\040\000D\000o\000c\000u\000m\000e\000n\000t\000a\000t\000i\000o\000n}{section.6.1}% 13
\BOOKMARK [3][-]{subsubsection.6.1.1.1}{\376\377\0006\000.\0001\000.\0001\000.\0001\000\040\000A\000l\000l\000F\000i\000l\000t\000e\000r\000s\000\050\000\051}{subsection.6.1.1}% 14
\BOOKMARK [2][-]{subsection.6.1.2}{\376\377\0006\000.\0001\000.\0002\000\040\000M\000e\000m\000b\000e\000r\000\040\000F\000u\000n\000c\000t\000i\000o\000n\000\040\000D\000o\000c\000u\000m\000e\000n\000t\000a\000t\000i\000o\000n}{section.6.1}% 15
\BOOKMARK [3][-]{subsubsection.6.1.2.1}{\376\377\0006\000.\0001\000.\0002\000.\0001\000\040\000a\000d\000d\000F\000i\000l\000t\000e\000r\000\050\000\051}{subsection.6.1.2}% 16
\BOOKMARK [3][-]{subsubsection.6.1.2.2}{\376\377\0006\000.\0001\000.\0002\000.\0002\000\040\000s\000a\000t\000i\000s\000f\000i\000e\000s\000\050\000\051}{subsection.6.1.2}% 17
\BOOKMARK [1][-]{section.6.2}{\376\377\0006\000.\0002\000\040\000u\000l\000l\000.\000D\000i\000r\000e\000c\000t\000o\000r\000s\000F\000i\000l\000t\000e\000r\000\040\000C\000l\000a\000s\000s\000\040\000R\000e\000f\000e\000r\000e\000n\000c\000e}{chapter.6}% 18
\BOOKMARK [2][-]{subsection.6.2.1}{\376\377\0006\000.\0002\000.\0001\000\040\000D\000e\000t\000a\000i\000l\000e\000d\000\040\000D\000e\000s\000c\000r\000i\000p\000t\000i\000o\000n}{section.6.2}% 19
\BOOKMARK [2][-]{subsection.6.2.2}{\376\377\0006\000.\0002\000.\0002\000\040\000C\000o\000n\000s\000t\000r\000u\000c\000t\000o\000r\000\040\000\046\000\040\000D\000e\000s\000t\000r\000u\000c\000t\000o\000r\000\040\000D\000o\000c\000u\000m\000e\000n\000t\000a\000t\000i\000o\000n}{section.6.2}% 20
\BOOKMARK [3][-]{subsubsection.6.2.2.1}{\376\377\0006\000.\0002\000.\0002\000.\0001\000\040\000D\000i\000r\000e\000c\000t\000o\000r\000s\000F\000i\000l\000t\000e\000r\000\050\000\051}{subsection.6.2.2}% 21
\BOOKMARK [2][-]{subsection.6.2.3}{\376\377\0006\000.\0002\000.\0003\000\040\000M\000e\000m\000b\000e\000r\000\040\000F\000u\000n\000c\000t\000i\000o\000n\000\040\000D\000o\000c\000u\000m\000e\000n\000t\000a\000t\000i\000o\000n}{section.6.2}% 22
\BOOKMARK [3][-]{subsubsection.6.2.3.1}{\376\377\0006\000.\0002\000.\0003\000.\0001\000\040\000s\000a\000t\000i\000s\000f\000i\000e\000s\000\050\000\051}{subsection.6.2.3}% 23
\BOOKMARK [1][-]{section.6.3}{\376\377\0006\000.\0003\000\040\000u\000l\000l\000.\000E\000f\000f\000i\000c\000i\000e\000n\000t\000R\000a\000t\000e\000r\000\040\000C\000l\000a\000s\000s\000\040\000R\000e\000f\000e\000r\000e\000n\000c\000e}{chapter.6}% 24
\BOOKMARK [2][-]{subsection.6.3.1}{\376\377\0006\000.\0003\000.\0001\000\040\000D\000e\000t\000a\000i\000l\000e\000d\000\040\000D\000e\000s\000c\000r\000i\000p\000t\000i\000o\000n}{section.6.3}% 25
\BOOKMARK [2][-]{subsection.6.3.2}{\376\377\0006\000.\0003\000.\0002\000\040\000C\000o\000n\000s\000t\000r\000u\000c\000t\000o\000r\000\040\000\046\000\040\000D\000e\000s\000t\000r\000u\000c\000t\000o\000r\000\040\000D\000o\000c\000u\000m\000e\000n\000t\000a\000t\000i\000o\000n}{section.6.3}% 26
\BOOKMARK [3][-]{subsubsection.6.3.2.1}{\376\377\0006\000.\0003\000.\0002\000.\0001\000\040\000E\000f\000f\000i\000c\000i\000e\000n\000t\000R\000a\000t\000e\000r\000\050\000\051}{subsection.6.3.2}% 27
\BOOKMARK [2][-]{subsection.6.3.3}{\376\377\0006\000.\0003\000.\0003\000\040\000M\000e\000m\000b\000e\000r\000\040\000F\000u\000n\000c\000t\000i\000o\000n\000\040\000D\000o\000c\000u\000m\000e\000n\000t\000a\000t\000i\000o\000n}{section.6.3}% 28
\BOOKMARK [3][-]{subsubsection.6.3.3.1}{\376\377\0006\000.\0003\000.\0003\000.\0001\000\040\000a\000d\000d\000R\000a\000t\000i\000n\000g\000\050\000\051}{subsection.6.3.3}% 29
\BOOKMARK [3][-]{subsubsection.6.3.3.2}{\376\377\0006\000.\0003\000.\0003\000.\0002\000\040\000g\000e\000t\000I\000D\000\050\000\051}{subsection.6.3.3}% 30
\BOOKMARK [3][-]{subsubsection.6.3.3.3}{\376\377\0006\000.\0003\000.\0003\000.\0003\000\040\000g\000e\000t\000I\000t\000e\000m\000s\000R\000a\000t\000e\000d\000\050\000\051}{subsection.6.3.3}% 31
\BOOKMARK [3][-]{subsubsection.6.3.3.4}{\376\377\0006\000.\0003\000.\0003\000.\0004\000\040\000g\000e\000t\000M\000y\000R\000a\000t\000i\000n\000g\000s\000\050\000\051}{subsection.6.3.3}% 32
\BOOKMARK [3][-]{subsubsection.6.3.3.5}{\376\377\0006\000.\0003\000.\0003\000.\0005\000\040\000g\000e\000t\000R\000a\000t\000i\000n\000g\000\050\000\051}{subsection.6.3.3}% 33
\BOOKMARK [3][-]{subsubsection.6.3.3.6}{\376\377\0006\000.\0003\000.\0003\000.\0006\000\040\000h\000a\000s\000R\000a\000t\000i\000n\000g\000\050\000\051}{subsection.6.3.3}% 34
\BOOKMARK [3][-]{subsubsection.6.3.3.7}{\376\377\0006\000.\0003\000.\0003\000.\0007\000\040\000n\000u\000m\000R\000a\000t\000i\000n\000g\000s\000\050\000\051}{subsection.6.3.3}% 35
\BOOKMARK [1][-]{section.6.4}{\376\377\0006\000.\0004\000\040\000u\000l\000l\000.\000F\000i\000l\000t\000e\000r\000\040\000I\000n\000t\000e\000r\000f\000a\000c\000e\000\040\000R\000e\000f\000e\000r\000e\000n\000c\000e}{chapter.6}% 36
\BOOKMARK [2][-]{subsection.6.4.1}{\376\377\0006\000.\0004\000.\0001\000\040\000M\000e\000m\000b\000e\000r\000\040\000F\000u\000n\000c\000t\000i\000o\000n\000\040\000D\000o\000c\000u\000m\000e\000n\000t\000a\000t\000i\000o\000n}{section.6.4}% 37
\BOOKMARK [3][-]{subsubsection.6.4.1.1}{\376\377\0006\000.\0004\000.\0001\000.\0001\000\040\000s\000a\000t\000i\000s\000f\000i\000e\000s\000\050\000\051}{subsection.6.4.1}% 38
\BOOKMARK [1][-]{section.6.5}{\376\377\0006\000.\0005\000\040\000u\000l\000l\000.\000F\000i\000r\000s\000t\000R\000a\000t\000i\000n\000g\000s\000\040\000C\000l\000a\000s\000s\000\040\000R\000e\000f\000e\000r\000e\000n\000c\000e}{chapter.6}% 39
\BOOKMARK [2][-]{subsection.6.5.1}{\376\377\0006\000.\0005\000.\0001\000\040\000D\000e\000t\000a\000i\000l\000e\000d\000\040\000D\000e\000s\000c\000r\000i\000p\000t\000i\000o\000n}{section.6.5}% 40
\BOOKMARK [2][-]{subsection.6.5.2}{\376\377\0006\000.\0005\000.\0002\000\040\000C\000o\000n\000s\000t\000r\000u\000c\000t\000o\000r\000\040\000\046\000\040\000D\000e\000s\000t\000r\000u\000c\000t\000o\000r\000\040\000D\000o\000c\000u\000m\000e\000n\000t\000a\000t\000i\000o\000n}{section.6.5}% 41
\BOOKMARK [3][-]{subsubsection.6.5.2.1}{\376\377\0006\000.\0005\000.\0002\000.\0001\000\040\000F\000i\000r\000s\000t\000R\000a\000t\000i\000n\000g\000s\000\050\000\051\000\040\000[\0001\000/\0003\000]}{subsection.6.5.2}% 42
\BOOKMARK [3][-]{subsubsection.6.5.2.2}{\376\377\0006\000.\0005\000.\0002\000.\0002\000\040\000F\000i\000r\000s\000t\000R\000a\000t\000i\000n\000g\000s\000\050\000\051\000\040\000[\0002\000/\0003\000]}{subsection.6.5.2}% 43
\BOOKMARK [3][-]{subsubsection.6.5.2.3}{\376\377\0006\000.\0005\000.\0002\000.\0003\000\040\000F\000i\000r\000s\000t\000R\000a\000t\000i\000n\000g\000s\000\050\000\051\000\040\000[\0003\000/\0003\000]}{subsection.6.5.2}% 44
\BOOKMARK [2][-]{subsection.6.5.3}{\376\377\0006\000.\0005\000.\0003\000\040\000M\000e\000m\000b\000e\000r\000\040\000F\000u\000n\000c\000t\000i\000o\000n\000\040\000D\000o\000c\000u\000m\000e\000n\000t\000a\000t\000i\000o\000n}{section.6.5}% 45
\BOOKMARK [3][-]{subsubsection.6.5.3.1}{\376\377\0006\000.\0005\000.\0003\000.\0001\000\040\000t\000e\000s\000t\000L\000o\000a\000d\000M\000o\000v\000i\000e\000s\000\050\000\051}{subsection.6.5.3}% 46
\BOOKMARK [3][-]{subsubsection.6.5.3.2}{\376\377\0006\000.\0005\000.\0003\000.\0002\000\040\000t\000e\000s\000t\000L\000o\000a\000d\000R\000a\000t\000e\000r\000s\000\050\000\051}{subsection.6.5.3}% 47
\BOOKMARK [1][-]{section.6.6}{\376\377\0006\000.\0006\000\040\000u\000l\000l\000.\000F\000o\000u\000r\000t\000h\000R\000a\000t\000i\000n\000g\000s\000\040\000C\000l\000a\000s\000s\000\040\000R\000e\000f\000e\000r\000e\000n\000c\000e}{chapter.6}% 48
\BOOKMARK [2][-]{subsection.6.6.1}{\376\377\0006\000.\0006\000.\0001\000\040\000D\000e\000t\000a\000i\000l\000e\000d\000\040\000D\000e\000s\000c\000r\000i\000p\000t\000i\000o\000n}{section.6.6}% 49
\BOOKMARK [2][-]{subsection.6.6.2}{\376\377\0006\000.\0006\000.\0002\000\040\000M\000e\000m\000b\000e\000r\000\040\000F\000u\000n\000c\000t\000i\000o\000n\000\040\000D\000o\000c\000u\000m\000e\000n\000t\000a\000t\000i\000o\000n}{section.6.6}% 50
\BOOKMARK [3][-]{subsubsection.6.6.2.1}{\376\377\0006\000.\0006\000.\0002\000.\0001\000\040\000d\000o\000t\000P\000r\000o\000d\000u\000c\000t\000\050\000\051}{subsection.6.6.2}% 51
\BOOKMARK [3][-]{subsubsection.6.6.2.2}{\376\377\0006\000.\0006\000.\0002\000.\0002\000\040\000g\000e\000t\000A\000v\000e\000r\000a\000g\000e\000R\000a\000t\000i\000n\000g\000s\000\050\000\051}{subsection.6.6.2}% 52
\BOOKMARK [3][-]{subsubsection.6.6.2.3}{\376\377\0006\000.\0006\000.\0002\000.\0003\000\040\000g\000e\000t\000A\000v\000e\000r\000a\000g\000e\000R\000a\000t\000i\000n\000g\000s\000B\000y\000F\000i\000l\000t\000e\000r\000\050\000\051}{subsection.6.6.2}% 53
\BOOKMARK [3][-]{subsubsection.6.6.2.4}{\376\377\0006\000.\0006\000.\0002\000.\0004\000\040\000g\000e\000t\000S\000i\000m\000i\000l\000a\000r\000R\000a\000t\000i\000n\000g\000s\000\050\000\051}{subsection.6.6.2}% 54
\BOOKMARK [3][-]{subsubsection.6.6.2.5}{\376\377\0006\000.\0006\000.\0002\000.\0005\000\040\000g\000e\000t\000S\000i\000m\000i\000l\000a\000r\000R\000a\000t\000i\000n\000g\000s\000B\000y\000F\000i\000l\000t\000e\000r\000\050\000\051}{subsection.6.6.2}% 55
\BOOKMARK [1][-]{section.6.7}{\376\377\0006\000.\0007\000\040\000u\000l\000l\000.\000G\000e\000n\000r\000e\000F\000i\000l\000t\000e\000r\000\040\000C\000l\000a\000s\000s\000\040\000R\000e\000f\000e\000r\000e\000n\000c\000e}{chapter.6}% 56
\BOOKMARK [2][-]{subsection.6.7.1}{\376\377\0006\000.\0007\000.\0001\000\040\000D\000e\000t\000a\000i\000l\000e\000d\000\040\000D\000e\000s\000c\000r\000i\000p\000t\000i\000o\000n}{section.6.7}% 57
\BOOKMARK [2][-]{subsection.6.7.2}{\376\377\0006\000.\0007\000.\0002\000\040\000C\000o\000n\000s\000t\000r\000u\000c\000t\000o\000r\000\040\000\046\000\040\000D\000e\000s\000t\000r\000u\000c\000t\000o\000r\000\040\000D\000o\000c\000u\000m\000e\000n\000t\000a\000t\000i\000o\000n}{section.6.7}% 58
\BOOKMARK [3][-]{subsubsection.6.7.2.1}{\376\377\0006\000.\0007\000.\0002\000.\0001\000\040\000G\000e\000n\000r\000e\000F\000i\000l\000t\000e\000r\000\050\000\051}{subsection.6.7.2}% 59
\BOOKMARK [2][-]{subsection.6.7.3}{\376\377\0006\000.\0007\000.\0003\000\040\000M\000e\000m\000b\000e\000r\000\040\000F\000u\000n\000c\000t\000i\000o\000n\000\040\000D\000o\000c\000u\000m\000e\000n\000t\000a\000t\000i\000o\000n}{section.6.7}% 60
\BOOKMARK [3][-]{subsubsection.6.7.3.1}{\376\377\0006\000.\0007\000.\0003\000.\0001\000\040\000s\000a\000t\000i\000s\000f\000i\000e\000s\000\050\000\051}{subsection.6.7.3}% 61
\BOOKMARK [1][-]{section.6.8}{\376\377\0006\000.\0008\000\040\000u\000l\000l\000.\000M\000i\000n\000u\000t\000e\000s\000F\000i\000l\000t\000e\000r\000\040\000C\000l\000a\000s\000s\000\040\000R\000e\000f\000e\000r\000e\000n\000c\000e}{chapter.6}% 62
\BOOKMARK [2][-]{subsection.6.8.1}{\376\377\0006\000.\0008\000.\0001\000\040\000D\000e\000t\000a\000i\000l\000e\000d\000\040\000D\000e\000s\000c\000r\000i\000p\000t\000i\000o\000n}{section.6.8}% 63
\BOOKMARK [2][-]{subsection.6.8.2}{\376\377\0006\000.\0008\000.\0002\000\040\000C\000o\000n\000s\000t\000r\000u\000c\000t\000o\000r\000\040\000\046\000\040\000D\000e\000s\000t\000r\000u\000c\000t\000o\000r\000\040\000D\000o\000c\000u\000m\000e\000n\000t\000a\000t\000i\000o\000n}{section.6.8}% 64
\BOOKMARK [3][-]{subsubsection.6.8.2.1}{\376\377\0006\000.\0008\000.\0002\000.\0001\000\040\000M\000i\000n\000u\000t\000e\000s\000F\000i\000l\000t\000e\000r\000\050\000\051\000\040\000[\0001\000/\0002\000]}{subsection.6.8.2}% 65
\BOOKMARK [3][-]{subsubsection.6.8.2.2}{\376\377\0006\000.\0008\000.\0002\000.\0002\000\040\000M\000i\000n\000u\000t\000e\000s\000F\000i\000l\000t\000e\000r\000\050\000\051\000\040\000[\0002\000/\0002\000]}{subsection.6.8.2}% 66
\BOOKMARK [2][-]{subsection.6.8.3}{\376\377\0006\000.\0008\000.\0003\000\040\000M\000e\000m\000b\000e\000r\000\040\000F\000u\000n\000c\000t\000i\000o\000n\000\040\000D\000o\000c\000u\000m\000e\000n\000t\000a\000t\000i\000o\000n}{section.6.8}% 67
\BOOKMARK [3][-]{subsubsection.6.8.3.1}{\376\377\0006\000.\0008\000.\0003\000.\0001\000\040\000s\000a\000t\000i\000s\000f\000i\000e\000s\000\050\000\051}{subsection.6.8.3}% 68
\BOOKMARK [1][-]{section.6.9}{\376\377\0006\000.\0009\000\040\000u\000l\000l\000.\000M\000o\000v\000i\000e\000\040\000C\000l\000a\000s\000s\000\040\000R\000e\000f\000e\000r\000e\000n\000c\000e}{chapter.6}% 69
\BOOKMARK [2][-]{subsection.6.9.1}{\376\377\0006\000.\0009\000.\0001\000\040\000C\000o\000n\000s\000t\000r\000u\000c\000t\000o\000r\000\040\000\046\000\040\000D\000e\000s\000t\000r\000u\000c\000t\000o\000r\000\040\000D\000o\000c\000u\000m\000e\000n\000t\000a\000t\000i\000o\000n}{section.6.9}% 70
\BOOKMARK [3][-]{subsubsection.6.9.1.1}{\376\377\0006\000.\0009\000.\0001\000.\0001\000\040\000M\000o\000v\000i\000e\000\050\000\051\000\040\000[\0001\000/\0002\000]}{subsection.6.9.1}% 71
\BOOKMARK [3][-]{subsubsection.6.9.1.2}{\376\377\0006\000.\0009\000.\0001\000.\0002\000\040\000M\000o\000v\000i\000e\000\050\000\051\000\040\000[\0002\000/\0002\000]}{subsection.6.9.1}% 72
\BOOKMARK [2][-]{subsection.6.9.2}{\376\377\0006\000.\0009\000.\0002\000\040\000M\000e\000m\000b\000e\000r\000\040\000F\000u\000n\000c\000t\000i\000o\000n\000\040\000D\000o\000c\000u\000m\000e\000n\000t\000a\000t\000i\000o\000n}{section.6.9}% 73
\BOOKMARK [3][-]{subsubsection.6.9.2.1}{\376\377\0006\000.\0009\000.\0002\000.\0001\000\040\000g\000e\000t\000C\000o\000u\000n\000t\000r\000y\000\050\000\051}{subsection.6.9.2}% 74
\BOOKMARK [3][-]{subsubsection.6.9.2.2}{\376\377\0006\000.\0009\000.\0002\000.\0002\000\040\000g\000e\000t\000D\000i\000r\000e\000c\000t\000o\000r\000\050\000\051}{subsection.6.9.2}% 75
\BOOKMARK [3][-]{subsubsection.6.9.2.3}{\376\377\0006\000.\0009\000.\0002\000.\0003\000\040\000g\000e\000t\000G\000e\000n\000r\000e\000s\000\050\000\051}{subsection.6.9.2}% 76
\BOOKMARK [3][-]{subsubsection.6.9.2.4}{\376\377\0006\000.\0009\000.\0002\000.\0004\000\040\000g\000e\000t\000I\000D\000\050\000\051}{subsection.6.9.2}% 77
\BOOKMARK [3][-]{subsubsection.6.9.2.5}{\376\377\0006\000.\0009\000.\0002\000.\0005\000\040\000g\000e\000t\000M\000i\000n\000u\000t\000e\000s\000\050\000\051}{subsection.6.9.2}% 78
\BOOKMARK [3][-]{subsubsection.6.9.2.6}{\376\377\0006\000.\0009\000.\0002\000.\0006\000\040\000g\000e\000t\000P\000o\000s\000t\000e\000r\000\050\000\051}{subsection.6.9.2}% 79
\BOOKMARK [3][-]{subsubsection.6.9.2.7}{\376\377\0006\000.\0009\000.\0002\000.\0007\000\040\000g\000e\000t\000T\000i\000t\000l\000e\000\050\000\051}{subsection.6.9.2}% 80
\BOOKMARK [3][-]{subsubsection.6.9.2.8}{\376\377\0006\000.\0009\000.\0002\000.\0008\000\040\000g\000e\000t\000Y\000e\000a\000r\000\050\000\051}{subsection.6.9.2}% 81
\BOOKMARK [3][-]{subsubsection.6.9.2.9}{\376\377\0006\000.\0009\000.\0002\000.\0009\000\040\000t\000o\000S\000t\000r\000i\000n\000g\000\050\000\051}{subsection.6.9.2}% 82
\BOOKMARK [1][-]{section.6.10}{\376\377\0006\000.\0001\0000\000\040\000u\000l\000l\000.\000M\000o\000v\000i\000e\000D\000a\000t\000a\000b\000a\000s\000e\000\040\000C\000l\000a\000s\000s\000\040\000R\000e\000f\000e\000r\000e\000n\000c\000e}{chapter.6}% 83
\BOOKMARK [2][-]{subsection.6.10.1}{\376\377\0006\000.\0001\0000\000.\0001\000\040\000M\000e\000m\000b\000e\000r\000\040\000F\000u\000n\000c\000t\000i\000o\000n\000\040\000D\000o\000c\000u\000m\000e\000n\000t\000a\000t\000i\000o\000n}{section.6.10}% 84
\BOOKMARK [3][-]{subsubsection.6.10.1.1}{\376\377\0006\000.\0001\0000\000.\0001\000.\0001\000\040\000c\000o\000n\000t\000a\000i\000n\000s\000I\000D\000\050\000\051}{subsection.6.10.1}% 85
\BOOKMARK [3][-]{subsubsection.6.10.1.2}{\376\377\0006\000.\0001\0000\000.\0001\000.\0002\000\040\000f\000i\000l\000t\000e\000r\000B\000y\000\050\000\051}{subsection.6.10.1}% 86
\BOOKMARK [3][-]{subsubsection.6.10.1.3}{\376\377\0006\000.\0001\0000\000.\0001\000.\0003\000\040\000g\000e\000t\000C\000o\000u\000n\000t\000r\000y\000\050\000\051}{subsection.6.10.1}% 87
\BOOKMARK [3][-]{subsubsection.6.10.1.4}{\376\377\0006\000.\0001\0000\000.\0001\000.\0004\000\040\000g\000e\000t\000D\000i\000r\000e\000c\000t\000o\000r\000\050\000\051}{subsection.6.10.1}% 88
\BOOKMARK [3][-]{subsubsection.6.10.1.5}{\376\377\0006\000.\0001\0000\000.\0001\000.\0005\000\040\000g\000e\000t\000G\000e\000n\000r\000e\000s\000\050\000\051}{subsection.6.10.1}% 89
\BOOKMARK [3][-]{subsubsection.6.10.1.6}{\376\377\0006\000.\0001\0000\000.\0001\000.\0006\000\040\000g\000e\000t\000M\000i\000n\000u\000t\000e\000s\000\050\000\051}{subsection.6.10.1}% 90
\BOOKMARK [3][-]{subsubsection.6.10.1.7}{\376\377\0006\000.\0001\0000\000.\0001\000.\0007\000\040\000g\000e\000t\000M\000o\000v\000i\000e\000\050\000\051}{subsection.6.10.1}% 91
\BOOKMARK [3][-]{subsubsection.6.10.1.8}{\376\377\0006\000.\0001\0000\000.\0001\000.\0008\000\040\000g\000e\000t\000P\000o\000s\000t\000e\000r\000\050\000\051}{subsection.6.10.1}% 92
\BOOKMARK [3][-]{subsubsection.6.10.1.9}{\376\377\0006\000.\0001\0000\000.\0001\000.\0009\000\040\000g\000e\000t\000T\000i\000t\000l\000e\000\050\000\051}{subsection.6.10.1}% 93
\BOOKMARK [3][-]{subsubsection.6.10.1.10}{\376\377\0006\000.\0001\0000\000.\0001\000.\0001\0000\000\040\000g\000e\000t\000Y\000e\000a\000r\000\050\000\051}{subsection.6.10.1}% 94
\BOOKMARK [3][-]{subsubsection.6.10.1.11}{\376\377\0006\000.\0001\0000\000.\0001\000.\0001\0001\000\040\000i\000n\000i\000t\000i\000a\000l\000i\000z\000e\000\050\000\051}{subsection.6.10.1}% 95
\BOOKMARK [3][-]{subsubsection.6.10.1.12}{\376\377\0006\000.\0001\0000\000.\0001\000.\0001\0002\000\040\000s\000i\000z\000e\000\050\000\051}{subsection.6.10.1}% 96
\BOOKMARK [1][-]{section.6.11}{\376\377\0006\000.\0001\0001\000\040\000u\000l\000l\000.\000M\000o\000v\000i\000e\000R\000u\000n\000n\000e\000r\000S\000i\000m\000i\000l\000a\000r\000R\000a\000t\000i\000n\000g\000s\000\040\000C\000l\000a\000s\000s\000\040\000R\000e\000f\000e\000r\000e\000n\000c\000e}{chapter.6}% 97
\BOOKMARK [2][-]{subsection.6.11.1}{\376\377\0006\000.\0001\0001\000.\0001\000\040\000D\000e\000t\000a\000i\000l\000e\000d\000\040\000D\000e\000s\000c\000r\000i\000p\000t\000i\000o\000n}{section.6.11}% 98
\BOOKMARK [2][-]{subsection.6.11.2}{\376\377\0006\000.\0001\0001\000.\0002\000\040\000M\000e\000m\000b\000e\000r\000\040\000F\000u\000n\000c\000t\000i\000o\000n\000\040\000D\000o\000c\000u\000m\000e\000n\000t\000a\000t\000i\000o\000n}{section.6.11}% 99
\BOOKMARK [3][-]{subsubsection.6.11.2.1}{\376\377\0006\000.\0001\0001\000.\0002\000.\0001\000\040\000p\000r\000i\000n\000t\000A\000v\000e\000r\000a\000g\000e\000R\000a\000t\000i\000n\000g\000s\000\050\000\051}{subsection.6.11.2}% 100
\BOOKMARK [3][-]{subsubsection.6.11.2.2}{\376\377\0006\000.\0001\0001\000.\0002\000.\0002\000\040\000p\000r\000i\000n\000t\000A\000v\000e\000r\000a\000g\000e\000R\000a\000t\000i\000n\000g\000s\000B\000y\000Y\000e\000a\000r\000A\000f\000t\000e\000r\000A\000n\000d\000G\000e\000n\000r\000e\000\050\000\051}{subsection.6.11.2}% 101
\BOOKMARK [3][-]{subsubsection.6.11.2.3}{\376\377\0006\000.\0001\0001\000.\0002\000.\0003\000\040\000p\000r\000i\000n\000t\000S\000i\000m\000i\000l\000a\000r\000R\000a\000t\000i\000n\000g\000s\000\050\000\051}{subsection.6.11.2}% 102
\BOOKMARK [3][-]{subsubsection.6.11.2.4}{\376\377\0006\000.\0001\0001\000.\0002\000.\0004\000\040\000p\000r\000i\000n\000t\000S\000i\000m\000i\000l\000a\000r\000R\000a\000t\000i\000n\000g\000s\000B\000y\000D\000i\000r\000e\000c\000t\000o\000r\000\050\000\051}{subsection.6.11.2}% 103
\BOOKMARK [3][-]{subsubsection.6.11.2.5}{\376\377\0006\000.\0001\0001\000.\0002\000.\0005\000\040\000p\000r\000i\000n\000t\000S\000i\000m\000i\000l\000a\000r\000R\000a\000t\000i\000n\000g\000s\000B\000y\000G\000e\000n\000r\000e\000\050\000\051}{subsection.6.11.2}% 104
\BOOKMARK [3][-]{subsubsection.6.11.2.6}{\376\377\0006\000.\0001\0001\000.\0002\000.\0006\000\040\000p\000r\000i\000n\000t\000S\000i\000m\000i\000l\000a\000r\000R\000a\000t\000i\000n\000g\000s\000B\000y\000G\000e\000n\000r\000e\000A\000n\000d\000M\000i\000n\000u\000t\000e\000s\000\050\000\051}{subsection.6.11.2}% 105
\BOOKMARK [3][-]{subsubsection.6.11.2.7}{\376\377\0006\000.\0001\0001\000.\0002\000.\0007\000\040\000p\000r\000i\000n\000t\000S\000i\000m\000i\000l\000a\000r\000R\000a\000t\000i\000n\000g\000s\000B\000y\000Y\000e\000a\000r\000A\000f\000t\000e\000r\000A\000n\000d\000M\000i\000n\000u\000t\000e\000s\000\050\000\051}{subsection.6.11.2}% 106
\BOOKMARK [1][-]{section.6.12}{\376\377\0006\000.\0001\0002\000\040\000u\000l\000l\000.\000R\000a\000t\000e\000r\000\040\000I\000n\000t\000e\000r\000f\000a\000c\000e\000\040\000R\000e\000f\000e\000r\000e\000n\000c\000e}{chapter.6}% 107
\BOOKMARK [2][-]{subsection.6.12.1}{\376\377\0006\000.\0001\0002\000.\0001\000\040\000M\000e\000m\000b\000e\000r\000\040\000F\000u\000n\000c\000t\000i\000o\000n\000\040\000D\000o\000c\000u\000m\000e\000n\000t\000a\000t\000i\000o\000n}{section.6.12}% 108
\BOOKMARK [3][-]{subsubsection.6.12.1.1}{\376\377\0006\000.\0001\0002\000.\0001\000.\0001\000\040\000a\000d\000d\000R\000a\000t\000i\000n\000g\000\050\000\051}{subsection.6.12.1}% 109
\BOOKMARK [3][-]{subsubsection.6.12.1.2}{\376\377\0006\000.\0001\0002\000.\0001\000.\0002\000\040\000g\000e\000t\000I\000D\000\050\000\051}{subsection.6.12.1}% 110
\BOOKMARK [3][-]{subsubsection.6.12.1.3}{\376\377\0006\000.\0001\0002\000.\0001\000.\0003\000\040\000g\000e\000t\000I\000t\000e\000m\000s\000R\000a\000t\000e\000d\000\050\000\051}{subsection.6.12.1}% 111
\BOOKMARK [3][-]{subsubsection.6.12.1.4}{\376\377\0006\000.\0001\0002\000.\0001\000.\0004\000\040\000g\000e\000t\000M\000y\000R\000a\000t\000i\000n\000g\000s\000\050\000\051}{subsection.6.12.1}% 112
\BOOKMARK [3][-]{subsubsection.6.12.1.5}{\376\377\0006\000.\0001\0002\000.\0001\000.\0005\000\040\000g\000e\000t\000R\000a\000t\000i\000n\000g\000\050\000\051}{subsection.6.12.1}% 113
\BOOKMARK [3][-]{subsubsection.6.12.1.6}{\376\377\0006\000.\0001\0002\000.\0001\000.\0006\000\040\000h\000a\000s\000R\000a\000t\000i\000n\000g\000\050\000\051}{subsection.6.12.1}% 114
\BOOKMARK [3][-]{subsubsection.6.12.1.7}{\376\377\0006\000.\0001\0002\000.\0001\000.\0007\000\040\000n\000u\000m\000R\000a\000t\000i\000n\000g\000s\000\050\000\051}{subsection.6.12.1}% 115
\BOOKMARK [1][-]{section.6.13}{\376\377\0006\000.\0001\0003\000\040\000u\000l\000l\000.\000R\000a\000t\000e\000r\000D\000a\000t\000a\000b\000a\000s\000e\000\040\000C\000l\000a\000s\000s\000\040\000R\000e\000f\000e\000r\000e\000n\000c\000e}{chapter.6}% 116
\BOOKMARK [2][-]{subsection.6.13.1}{\376\377\0006\000.\0001\0003\000.\0001\000\040\000M\000e\000m\000b\000e\000r\000\040\000F\000u\000n\000c\000t\000i\000o\000n\000\040\000D\000o\000c\000u\000m\000e\000n\000t\000a\000t\000i\000o\000n}{section.6.13}% 117
\BOOKMARK [3][-]{subsubsection.6.13.1.1}{\376\377\0006\000.\0001\0003\000.\0001\000.\0001\000\040\000a\000d\000d\000R\000a\000t\000e\000r\000R\000a\000t\000i\000n\000g\000\050\000\051}{subsection.6.13.1}% 118
\BOOKMARK [3][-]{subsubsection.6.13.1.2}{\376\377\0006\000.\0001\0003\000.\0001\000.\0002\000\040\000a\000d\000d\000R\000a\000t\000i\000n\000g\000s\000\050\000\051}{subsection.6.13.1}% 119
\BOOKMARK [3][-]{subsubsection.6.13.1.3}{\376\377\0006\000.\0001\0003\000.\0001\000.\0003\000\040\000g\000e\000t\000R\000a\000t\000e\000r\000\050\000\051}{subsection.6.13.1}% 120
\BOOKMARK [3][-]{subsubsection.6.13.1.4}{\376\377\0006\000.\0001\0003\000.\0001\000.\0004\000\040\000g\000e\000t\000R\000a\000t\000e\000r\000s\000\050\000\051}{subsection.6.13.1}% 121
\BOOKMARK [3][-]{subsubsection.6.13.1.5}{\376\377\0006\000.\0001\0003\000.\0001\000.\0005\000\040\000i\000n\000i\000t\000i\000a\000l\000i\000z\000e\000\050\000\051}{subsection.6.13.1}% 122
\BOOKMARK [3][-]{subsubsection.6.13.1.6}{\376\377\0006\000.\0001\0003\000.\0001\000.\0006\000\040\000s\000i\000z\000e\000\050\000\051}{subsection.6.13.1}% 123
\BOOKMARK [1][-]{section.6.14}{\376\377\0006\000.\0001\0004\000\040\000u\000l\000l\000.\000R\000a\000t\000i\000n\000g\000\040\000C\000l\000a\000s\000s\000\040\000R\000e\000f\000e\000r\000e\000n\000c\000e}{chapter.6}% 124
\BOOKMARK [2][-]{subsection.6.14.1}{\376\377\0006\000.\0001\0004\000.\0001\000\040\000C\000o\000n\000s\000t\000r\000u\000c\000t\000o\000r\000\040\000\046\000\040\000D\000e\000s\000t\000r\000u\000c\000t\000o\000r\000\040\000D\000o\000c\000u\000m\000e\000n\000t\000a\000t\000i\000o\000n}{section.6.14}% 125
\BOOKMARK [3][-]{subsubsection.6.14.1.1}{\376\377\0006\000.\0001\0004\000.\0001\000.\0001\000\040\000R\000a\000t\000i\000n\000g\000\050\000\051}{subsection.6.14.1}% 126
\BOOKMARK [2][-]{subsection.6.14.2}{\376\377\0006\000.\0001\0004\000.\0002\000\040\000M\000e\000m\000b\000e\000r\000\040\000F\000u\000n\000c\000t\000i\000o\000n\000\040\000D\000o\000c\000u\000m\000e\000n\000t\000a\000t\000i\000o\000n}{section.6.14}% 127
\BOOKMARK [3][-]{subsubsection.6.14.2.1}{\376\377\0006\000.\0001\0004\000.\0002\000.\0001\000\040\000c\000o\000m\000p\000a\000r\000e\000T\000o\000\050\000\051}{subsection.6.14.2}% 128
\BOOKMARK [3][-]{subsubsection.6.14.2.2}{\376\377\0006\000.\0001\0004\000.\0002\000.\0002\000\040\000g\000e\000t\000I\000t\000e\000m\000\050\000\051}{subsection.6.14.2}% 129
\BOOKMARK [3][-]{subsubsection.6.14.2.3}{\376\377\0006\000.\0001\0004\000.\0002\000.\0003\000\040\000g\000e\000t\000V\000a\000l\000u\000e\000\050\000\051}{subsection.6.14.2}% 130
\BOOKMARK [3][-]{subsubsection.6.14.2.4}{\376\377\0006\000.\0001\0004\000.\0002\000.\0004\000\040\000t\000o\000S\000t\000r\000i\000n\000g\000\050\000\051}{subsection.6.14.2}% 131
\BOOKMARK [1][-]{section.6.15}{\376\377\0006\000.\0001\0005\000\040\000u\000l\000l\000.\000R\000e\000c\000o\000m\000m\000e\000n\000d\000a\000t\000i\000o\000n\000R\000u\000n\000n\000e\000r\000\040\000C\000l\000a\000s\000s\000\040\000R\000e\000f\000e\000r\000e\000n\000c\000e}{chapter.6}% 132
\BOOKMARK [2][-]{subsection.6.15.1}{\376\377\0006\000.\0001\0005\000.\0001\000\040\000D\000e\000t\000a\000i\000l\000e\000d\000\040\000D\000e\000s\000c\000r\000i\000p\000t\000i\000o\000n}{section.6.15}% 133
\BOOKMARK [2][-]{subsection.6.15.2}{\376\377\0006\000.\0001\0005\000.\0002\000\040\000M\000e\000m\000b\000e\000r\000\040\000F\000u\000n\000c\000t\000i\000o\000n\000\040\000D\000o\000c\000u\000m\000e\000n\000t\000a\000t\000i\000o\000n}{section.6.15}% 134
\BOOKMARK [3][-]{subsubsection.6.15.2.1}{\376\377\0006\000.\0001\0005\000.\0002\000.\0001\000\040\000g\000e\000t\000I\000t\000e\000m\000s\000T\000o\000R\000a\000t\000e\000\050\000\051}{subsection.6.15.2}% 135
\BOOKMARK [3][-]{subsubsection.6.15.2.2}{\376\377\0006\000.\0001\0005\000.\0002\000.\0002\000\040\000p\000r\000i\000n\000t\000R\000e\000c\000o\000m\000m\000e\000n\000d\000a\000t\000i\000o\000n\000s\000F\000o\000r\000\050\000\051}{subsection.6.15.2}% 136
\BOOKMARK [1][-]{section.6.16}{\376\377\0006\000.\0001\0006\000\040\000u\000l\000l\000.\000R\000e\000c\000o\000m\000m\000e\000n\000d\000e\000r\000\040\000I\000n\000t\000e\000r\000f\000a\000c\000e\000\040\000R\000e\000f\000e\000r\000e\000n\000c\000e}{chapter.6}% 137
\BOOKMARK [2][-]{subsection.6.16.1}{\376\377\0006\000.\0001\0006\000.\0001\000\040\000D\000e\000t\000a\000i\000l\000e\000d\000\040\000D\000e\000s\000c\000r\000i\000p\000t\000i\000o\000n}{section.6.16}% 138
\BOOKMARK [2][-]{subsection.6.16.2}{\376\377\0006\000.\0001\0006\000.\0002\000\040\000M\000e\000m\000b\000e\000r\000\040\000F\000u\000n\000c\000t\000i\000o\000n\000\040\000D\000o\000c\000u\000m\000e\000n\000t\000a\000t\000i\000o\000n}{section.6.16}% 139
\BOOKMARK [3][-]{subsubsection.6.16.2.1}{\376\377\0006\000.\0001\0006\000.\0002\000.\0001\000\040\000g\000e\000t\000I\000t\000e\000m\000s\000T\000o\000R\000a\000t\000e\000\050\000\051}{subsection.6.16.2}% 140
\BOOKMARK [3][-]{subsubsection.6.16.2.2}{\376\377\0006\000.\0001\0006\000.\0002\000.\0002\000\040\000p\000r\000i\000n\000t\000R\000e\000c\000o\000m\000m\000e\000n\000d\000a\000t\000i\000o\000n\000s\000F\000o\000r\000\050\000\051}{subsection.6.16.2}% 141
\BOOKMARK [1][-]{section.6.17}{\376\377\0006\000.\0001\0007\000\040\000u\000l\000l\000.\000T\000r\000u\000e\000F\000i\000l\000t\000e\000r\000\040\000C\000l\000a\000s\000s\000\040\000R\000e\000f\000e\000r\000e\000n\000c\000e}{chapter.6}% 142
\BOOKMARK [2][-]{subsection.6.17.1}{\376\377\0006\000.\0001\0007\000.\0001\000\040\000M\000e\000m\000b\000e\000r\000\040\000F\000u\000n\000c\000t\000i\000o\000n\000\040\000D\000o\000c\000u\000m\000e\000n\000t\000a\000t\000i\000o\000n}{section.6.17}% 143
\BOOKMARK [3][-]{subsubsection.6.17.1.1}{\376\377\0006\000.\0001\0007\000.\0001\000.\0001\000\040\000s\000a\000t\000i\000s\000f\000i\000e\000s\000\050\000\051}{subsection.6.17.1}% 144
\BOOKMARK [1][-]{section.6.18}{\376\377\0006\000.\0001\0008\000\040\000u\000l\000l\000.\000Y\000e\000a\000r\000A\000f\000t\000e\000r\000F\000i\000l\000t\000e\000r\000\040\000C\000l\000a\000s\000s\000\040\000R\000e\000f\000e\000r\000e\000n\000c\000e}{chapter.6}% 145
\BOOKMARK [2][-]{subsection.6.18.1}{\376\377\0006\000.\0001\0008\000.\0001\000\040\000C\000o\000n\000s\000t\000r\000u\000c\000t\000o\000r\000\040\000\046\000\040\000D\000e\000s\000t\000r\000u\000c\000t\000o\000r\000\040\000D\000o\000c\000u\000m\000e\000n\000t\000a\000t\000i\000o\000n}{section.6.18}% 146
\BOOKMARK [3][-]{subsubsection.6.18.1.1}{\376\377\0006\000.\0001\0008\000.\0001\000.\0001\000\040\000Y\000e\000a\000r\000A\000f\000t\000e\000r\000F\000i\000l\000t\000e\000r\000\050\000\051}{subsection.6.18.1}% 147
\BOOKMARK [2][-]{subsection.6.18.2}{\376\377\0006\000.\0001\0008\000.\0002\000\040\000M\000e\000m\000b\000e\000r\000\040\000F\000u\000n\000c\000t\000i\000o\000n\000\040\000D\000o\000c\000u\000m\000e\000n\000t\000a\000t\000i\000o\000n}{section.6.18}% 148
\BOOKMARK [3][-]{subsubsection.6.18.2.1}{\376\377\0006\000.\0001\0008\000.\0002\000.\0001\000\040\000s\000a\000t\000i\000s\000f\000i\000e\000s\000\050\000\051}{subsection.6.18.2}% 149
\BOOKMARK [0][-]{chapter.7}{\376\377\0007\000\040\000F\000i\000l\000e\000\040\000D\000o\000c\000u\000m\000e\000n\000t\000a\000t\000i\000o\000n}{}% 150
\BOOKMARK [1][-]{section.7.1}{\376\377\0007\000.\0001\000\040\000s\000r\000c\000/\000m\000a\000i\000n\000/\000j\000a\000v\000a\000/\000u\000l\000l\000/\000A\000l\000l\000F\000i\000l\000t\000e\000r\000s\000.\000j\000a\000v\000a\000\040\000F\000i\000l\000e\000\040\000R\000e\000f\000e\000r\000e\000n\000c\000e}{chapter.7}% 151
\BOOKMARK [1][-]{section.7.2}{\376\377\0007\000.\0002\000\040\000s\000r\000c\000/\000m\000a\000i\000n\000/\000j\000a\000v\000a\000/\000u\000l\000l\000/\000D\000i\000r\000e\000c\000t\000o\000r\000s\000F\000i\000l\000t\000e\000r\000.\000j\000a\000v\000a\000\040\000F\000i\000l\000e\000\040\000R\000e\000f\000e\000r\000e\000n\000c\000e}{chapter.7}% 152
\BOOKMARK [1][-]{section.7.3}{\376\377\0007\000.\0003\000\040\000s\000r\000c\000/\000m\000a\000i\000n\000/\000j\000a\000v\000a\000/\000u\000l\000l\000/\000E\000f\000f\000i\000c\000i\000e\000n\000t\000R\000a\000t\000e\000r\000.\000j\000a\000v\000a\000\040\000F\000i\000l\000e\000\040\000R\000e\000f\000e\000r\000e\000n\000c\000e}{chapter.7}% 153
\BOOKMARK [1][-]{section.7.4}{\376\377\0007\000.\0004\000\040\000s\000r\000c\000/\000m\000a\000i\000n\000/\000j\000a\000v\000a\000/\000u\000l\000l\000/\000F\000i\000l\000t\000e\000r\000.\000j\000a\000v\000a\000\040\000F\000i\000l\000e\000\040\000R\000e\000f\000e\000r\000e\000n\000c\000e}{chapter.7}% 154
\BOOKMARK [1][-]{section.7.5}{\376\377\0007\000.\0005\000\040\000s\000r\000c\000/\000m\000a\000i\000n\000/\000j\000a\000v\000a\000/\000u\000l\000l\000/\000F\000i\000r\000s\000t\000R\000a\000t\000i\000n\000g\000s\000.\000j\000a\000v\000a\000\040\000F\000i\000l\000e\000\040\000R\000e\000f\000e\000r\000e\000n\000c\000e}{chapter.7}% 155
\BOOKMARK [1][-]{section.7.6}{\376\377\0007\000.\0006\000\040\000s\000r\000c\000/\000m\000a\000i\000n\000/\000j\000a\000v\000a\000/\000u\000l\000l\000/\000F\000o\000u\000r\000t\000h\000R\000a\000t\000i\000n\000g\000s\000.\000j\000a\000v\000a\000\040\000F\000i\000l\000e\000\040\000R\000e\000f\000e\000r\000e\000n\000c\000e}{chapter.7}% 156
\BOOKMARK [1][-]{section.7.7}{\376\377\0007\000.\0007\000\040\000s\000r\000c\000/\000m\000a\000i\000n\000/\000j\000a\000v\000a\000/\000u\000l\000l\000/\000G\000e\000n\000r\000e\000F\000i\000l\000t\000e\000r\000.\000j\000a\000v\000a\000\040\000F\000i\000l\000e\000\040\000R\000e\000f\000e\000r\000e\000n\000c\000e}{chapter.7}% 157
\BOOKMARK [1][-]{section.7.8}{\376\377\0007\000.\0008\000\040\000s\000r\000c\000/\000m\000a\000i\000n\000/\000j\000a\000v\000a\000/\000u\000l\000l\000/\000M\000i\000n\000u\000t\000e\000s\000F\000i\000l\000t\000e\000r\000.\000j\000a\000v\000a\000\040\000F\000i\000l\000e\000\040\000R\000e\000f\000e\000r\000e\000n\000c\000e}{chapter.7}% 158
\BOOKMARK [1][-]{section.7.9}{\376\377\0007\000.\0009\000\040\000s\000r\000c\000/\000m\000a\000i\000n\000/\000j\000a\000v\000a\000/\000u\000l\000l\000/\000M\000o\000v\000i\000e\000.\000j\000a\000v\000a\000\040\000F\000i\000l\000e\000\040\000R\000e\000f\000e\000r\000e\000n\000c\000e}{chapter.7}% 159
\BOOKMARK [1][-]{section.7.10}{\376\377\0007\000.\0001\0000\000\040\000s\000r\000c\000/\000m\000a\000i\000n\000/\000j\000a\000v\000a\000/\000u\000l\000l\000/\000M\000o\000v\000i\000e\000D\000a\000t\000a\000b\000a\000s\000e\000.\000j\000a\000v\000a\000\040\000F\000i\000l\000e\000\040\000R\000e\000f\000e\000r\000e\000n\000c\000e}{chapter.7}% 160
\BOOKMARK [1][-]{section.7.11}{\376\377\0007\000.\0001\0001\000\040\000s\000r\000c\000/\000m\000a\000i\000n\000/\000j\000a\000v\000a\000/\000u\000l\000l\000/\000M\000o\000v\000i\000e\000R\000u\000n\000n\000e\000r\000S\000i\000m\000i\000l\000a\000r\000R\000a\000t\000i\000n\000g\000s\000.\000j\000a\000v\000a\000\040\000F\000i\000l\000e\000\040\000R\000e\000f\000e\000r\000e\000n\000c\000e}{chapter.7}% 161
\BOOKMARK [1][-]{section.7.12}{\376\377\0007\000.\0001\0002\000\040\000s\000r\000c\000/\000m\000a\000i\000n\000/\000j\000a\000v\000a\000/\000u\000l\000l\000/\000R\000a\000t\000e\000r\000.\000j\000a\000v\000a\000\040\000F\000i\000l\000e\000\040\000R\000e\000f\000e\000r\000e\000n\000c\000e}{chapter.7}% 162
\BOOKMARK [1][-]{section.7.13}{\376\377\0007\000.\0001\0003\000\040\000s\000r\000c\000/\000m\000a\000i\000n\000/\000j\000a\000v\000a\000/\000u\000l\000l\000/\000R\000a\000t\000e\000r\000D\000a\000t\000a\000b\000a\000s\000e\000.\000j\000a\000v\000a\000\040\000F\000i\000l\000e\000\040\000R\000e\000f\000e\000r\000e\000n\000c\000e}{chapter.7}% 163
\BOOKMARK [1][-]{section.7.14}{\376\377\0007\000.\0001\0004\000\040\000s\000r\000c\000/\000m\000a\000i\000n\000/\000j\000a\000v\000a\000/\000u\000l\000l\000/\000R\000a\000t\000i\000n\000g\000.\000j\000a\000v\000a\000\040\000F\000i\000l\000e\000\040\000R\000e\000f\000e\000r\000e\000n\000c\000e}{chapter.7}% 164
\BOOKMARK [1][-]{section.7.15}{\376\377\0007\000.\0001\0005\000\040\000s\000r\000c\000/\000m\000a\000i\000n\000/\000j\000a\000v\000a\000/\000u\000l\000l\000/\000R\000e\000c\000o\000m\000m\000e\000n\000d\000a\000t\000i\000o\000n\000R\000u\000n\000n\000e\000r\000.\000j\000a\000v\000a\000\040\000F\000i\000l\000e\000\040\000R\000e\000f\000e\000r\000e\000n\000c\000e}{chapter.7}% 165
\BOOKMARK [1][-]{section.7.16}{\376\377\0007\000.\0001\0006\000\040\000s\000r\000c\000/\000m\000a\000i\000n\000/\000j\000a\000v\000a\000/\000u\000l\000l\000/\000R\000e\000c\000o\000m\000m\000e\000n\000d\000e\000r\000.\000j\000a\000v\000a\000\040\000F\000i\000l\000e\000\040\000R\000e\000f\000e\000r\000e\000n\000c\000e}{chapter.7}% 166
\BOOKMARK [1][-]{section.7.17}{\376\377\0007\000.\0001\0007\000\040\000s\000r\000c\000/\000m\000a\000i\000n\000/\000j\000a\000v\000a\000/\000u\000l\000l\000/\000T\000r\000u\000e\000F\000i\000l\000t\000e\000r\000.\000j\000a\000v\000a\000\040\000F\000i\000l\000e\000\040\000R\000e\000f\000e\000r\000e\000n\000c\000e}{chapter.7}% 167
\BOOKMARK [1][-]{section.7.18}{\376\377\0007\000.\0001\0008\000\040\000s\000r\000c\000/\000m\000a\000i\000n\000/\000j\000a\000v\000a\000/\000u\000l\000l\000/\000Y\000e\000a\000r\000A\000f\000t\000e\000r\000F\000i\000l\000t\000e\000r\000.\000j\000a\000v\000a\000\040\000F\000i\000l\000e\000\040\000R\000e\000f\000e\000r\000e\000n\000c\000e}{chapter.7}% 168
